2025-07-09 10:43:45,462 - __main__ - INFO - Starting reranking + pruning training with small dataset
2025-07-09 10:43:45,463 - __main__ - INFO - Loading dataset: hotchpotch/wip-query-context-pruner-with-teacher-scores/ja-small
2025-07-09 10:43:50,847 - __main__ - INFO - Train dataset size: 98815
2025-07-09 10:43:50,847 - __main__ - INFO - Eval dataset size: 592
2025-07-09 10:43:50,847 - __main__ - INFO - Dataset columns: ['id', 'query', 'texts', 'chunks_pos', 'labels', 'dataset_name', 'relevant_chunks', 'teacher_scores_japanese-reranker-xsmall-v2']
2025-07-09 10:43:50,848 - __main__ - INFO - Initializing PruningEncoder in reranking_pruning mode with base model: hotchpotch/japanese-reranker-xsmall-v2
2025-07-09 10:43:53,170 - __main__ - INFO - Training arguments: {'output_dir': './output/reranking_pruning_small_20250709_104353', 'num_epochs': 2, 'batch_size': 32, 'learning_rate': 2e-05, 'warmup_ratio': 0.1, 'weight_decay': 0.01, 'gradient_accumulation_steps': 1, 'max_grad_norm': 1.0, 'logging_steps': 50, 'eval_steps': 500, 'save_steps': 500, 'save_total_limit': 3, 'seed': 42, 'fp16': True, 'dataloader_num_workers': 4}
2025-07-09 10:43:53,172 - __main__ - INFO - Starting training...
2025-07-09 10:43:53,172 - sentence_transformers.pruning.trainer - INFO - ***** Running training *****
2025-07-09 10:43:53,172 - sentence_transformers.pruning.trainer - INFO -   Num examples = 98815
2025-07-09 10:43:53,172 - sentence_transformers.pruning.trainer - INFO -   Num epochs = 2
2025-07-09 10:43:53,172 - sentence_transformers.pruning.trainer - INFO -   Batch size = 32
2025-07-09 10:43:53,172 - sentence_transformers.pruning.trainer - INFO -   Gradient accumulation steps = 1
2025-07-09 10:43:53,172 - sentence_transformers.pruning.trainer - INFO -   Total optimization steps = 6176
2025-07-09 10:44:02,771 - sentence_transformers.pruning.trainer - INFO - Step 50, Loss: 0.5477
2025-07-09 10:44:11,349 - sentence_transformers.pruning.trainer - INFO - Step 100, Loss: 0.3891
2025-07-09 10:44:19,908 - sentence_transformers.pruning.trainer - INFO - Step 150, Loss: 0.3169
2025-07-09 10:44:28,467 - sentence_transformers.pruning.trainer - INFO - Step 200, Loss: 0.2782
2025-07-09 10:44:37,036 - sentence_transformers.pruning.trainer - INFO - Step 250, Loss: 0.2533
2025-07-09 10:44:45,594 - sentence_transformers.pruning.trainer - INFO - Step 300, Loss: 0.2354
2025-07-09 10:44:54,159 - sentence_transformers.pruning.trainer - INFO - Step 350, Loss: 0.2233
2025-07-09 10:45:02,692 - sentence_transformers.pruning.trainer - INFO - Step 400, Loss: 0.2136
2025-07-09 10:45:11,242 - sentence_transformers.pruning.trainer - INFO - Step 450, Loss: 0.2058
2025-07-09 10:45:19,786 - sentence_transformers.pruning.trainer - INFO - Step 500, Loss: 0.1995
2025-07-09 10:45:19,786 - sentence_transformers.pruning.trainer - INFO - Running evaluation...
2025-07-09 10:45:21,808 - sentence_transformers.pruning.trainer - INFO - Eval loss: 0.1403
2025-07-09 10:45:22,100 - sentence_transformers.pruning.trainer - INFO - New best model saved to ./output/reranking_pruning_small_20250709_104353/checkpoint-500-best
2025-07-09 10:45:22,100 - sentence_transformers.pruning.trainer - INFO - Saving checkpoint to ./output/reranking_pruning_small_20250709_104353/checkpoint-500
2025-07-09 10:45:30,950 - sentence_transformers.pruning.trainer - INFO - Step 550, Loss: 0.1941
2025-07-09 10:45:39,527 - sentence_transformers.pruning.trainer - INFO - Step 600, Loss: 0.1893
2025-07-09 10:45:48,114 - sentence_transformers.pruning.trainer - INFO - Step 650, Loss: 0.1855
2025-07-09 10:45:56,687 - sentence_transformers.pruning.trainer - INFO - Step 700, Loss: 0.1822
2025-07-09 10:46:05,262 - sentence_transformers.pruning.trainer - INFO - Step 750, Loss: 0.1794
2025-07-09 10:46:13,827 - sentence_transformers.pruning.trainer - INFO - Step 800, Loss: 0.1765
2025-07-09 10:46:22,428 - sentence_transformers.pruning.trainer - INFO - Step 850, Loss: 0.1744
2025-07-09 10:46:31,003 - sentence_transformers.pruning.trainer - INFO - Step 900, Loss: 0.1723
2025-07-09 10:46:39,587 - sentence_transformers.pruning.trainer - INFO - Step 950, Loss: 0.1705
2025-07-09 10:46:48,162 - sentence_transformers.pruning.trainer - INFO - Step 1000, Loss: 0.1688
2025-07-09 10:46:48,162 - sentence_transformers.pruning.trainer - INFO - Running evaluation...
2025-07-09 10:46:50,167 - sentence_transformers.pruning.trainer - INFO - Eval loss: 0.1349
2025-07-09 10:46:50,452 - sentence_transformers.pruning.trainer - INFO - New best model saved to ./output/reranking_pruning_small_20250709_104353/checkpoint-1000-best
2025-07-09 10:46:50,453 - sentence_transformers.pruning.trainer - INFO - Saving checkpoint to ./output/reranking_pruning_small_20250709_104353/checkpoint-1000
2025-07-09 10:46:59,304 - sentence_transformers.pruning.trainer - INFO - Step 1050, Loss: 0.1671
2025-07-09 10:47:07,881 - sentence_transformers.pruning.trainer - INFO - Step 1100, Loss: 0.1659
2025-07-09 10:47:16,450 - sentence_transformers.pruning.trainer - INFO - Step 1150, Loss: 0.1645
2025-07-09 10:47:25,038 - sentence_transformers.pruning.trainer - INFO - Step 1200, Loss: 0.1633
2025-07-09 10:47:33,610 - sentence_transformers.pruning.trainer - INFO - Step 1250, Loss: 0.1622
2025-07-09 10:47:42,169 - sentence_transformers.pruning.trainer - INFO - Step 1300, Loss: 0.1611
2025-07-09 10:47:50,720 - sentence_transformers.pruning.trainer - INFO - Step 1350, Loss: 0.1602
2025-07-09 10:47:59,255 - sentence_transformers.pruning.trainer - INFO - Step 1400, Loss: 0.1594
2025-07-09 10:48:07,787 - sentence_transformers.pruning.trainer - INFO - Step 1450, Loss: 0.1585
2025-07-09 10:48:16,325 - sentence_transformers.pruning.trainer - INFO - Step 1500, Loss: 0.1575
2025-07-09 10:48:16,325 - sentence_transformers.pruning.trainer - INFO - Running evaluation...
2025-07-09 10:48:18,325 - sentence_transformers.pruning.trainer - INFO - Eval loss: 0.1308
2025-07-09 10:48:18,614 - sentence_transformers.pruning.trainer - INFO - New best model saved to ./output/reranking_pruning_small_20250709_104353/checkpoint-1500-best
2025-07-09 10:48:18,614 - sentence_transformers.pruning.trainer - INFO - Saving checkpoint to ./output/reranking_pruning_small_20250709_104353/checkpoint-1500
2025-07-09 10:48:27,452 - sentence_transformers.pruning.trainer - INFO - Step 1550, Loss: 0.1568
2025-07-09 10:48:36,013 - sentence_transformers.pruning.trainer - INFO - Step 1600, Loss: 0.1561
2025-07-09 10:48:44,600 - sentence_transformers.pruning.trainer - INFO - Step 1650, Loss: 0.1553
2025-07-09 10:48:53,182 - sentence_transformers.pruning.trainer - INFO - Step 1700, Loss: 0.1546
2025-07-09 10:49:01,757 - sentence_transformers.pruning.trainer - INFO - Step 1750, Loss: 0.1539
2025-07-09 10:49:10,331 - sentence_transformers.pruning.trainer - INFO - Step 1800, Loss: 0.1532
2025-07-09 10:49:18,894 - sentence_transformers.pruning.trainer - INFO - Step 1850, Loss: 0.1527
2025-07-09 10:49:27,462 - sentence_transformers.pruning.trainer - INFO - Step 1900, Loss: 0.1521
2025-07-09 10:49:36,029 - sentence_transformers.pruning.trainer - INFO - Step 1950, Loss: 0.1516
2025-07-09 10:49:44,559 - sentence_transformers.pruning.trainer - INFO - Step 2000, Loss: 0.1512
2025-07-09 10:49:44,559 - sentence_transformers.pruning.trainer - INFO - Running evaluation...
2025-07-09 10:49:46,572 - sentence_transformers.pruning.trainer - INFO - Eval loss: 0.1301
2025-07-09 10:49:46,876 - sentence_transformers.pruning.trainer - INFO - New best model saved to ./output/reranking_pruning_small_20250709_104353/checkpoint-2000-best
2025-07-09 10:49:46,877 - sentence_transformers.pruning.trainer - INFO - Saving checkpoint to ./output/reranking_pruning_small_20250709_104353/checkpoint-2000
2025-07-09 10:49:47,183 - sentence_transformers.pruning.trainer - INFO - Deleting checkpoint output/reranking_pruning_small_20250709_104353/checkpoint-500
2025-07-09 10:49:55,784 - sentence_transformers.pruning.trainer - INFO - Step 2050, Loss: 0.1507
2025-07-09 10:50:04,362 - sentence_transformers.pruning.trainer - INFO - Step 2100, Loss: 0.1501
2025-07-09 10:50:12,923 - sentence_transformers.pruning.trainer - INFO - Step 2150, Loss: 0.1496
2025-07-09 10:50:21,503 - sentence_transformers.pruning.trainer - INFO - Step 2200, Loss: 0.1492
2025-07-09 10:50:30,087 - sentence_transformers.pruning.trainer - INFO - Step 2250, Loss: 0.1487
2025-07-09 10:50:38,683 - sentence_transformers.pruning.trainer - INFO - Step 2300, Loss: 0.1483
2025-07-09 10:50:47,273 - sentence_transformers.pruning.trainer - INFO - Step 2350, Loss: 0.1479
2025-07-09 10:50:55,867 - sentence_transformers.pruning.trainer - INFO - Step 2400, Loss: 0.1475
2025-07-09 10:51:04,442 - sentence_transformers.pruning.trainer - INFO - Step 2450, Loss: 0.1471
2025-07-09 10:51:13,007 - sentence_transformers.pruning.trainer - INFO - Step 2500, Loss: 0.1469
2025-07-09 10:51:13,008 - sentence_transformers.pruning.trainer - INFO - Running evaluation...
2025-07-09 10:51:15,255 - sentence_transformers.pruning.trainer - INFO - Eval loss: 0.1280
2025-07-09 10:51:15,552 - sentence_transformers.pruning.trainer - INFO - New best model saved to ./output/reranking_pruning_small_20250709_104353/checkpoint-2500-best
2025-07-09 10:51:15,553 - sentence_transformers.pruning.trainer - INFO - Saving checkpoint to ./output/reranking_pruning_small_20250709_104353/checkpoint-2500
2025-07-09 10:51:15,841 - sentence_transformers.pruning.trainer - INFO - Deleting checkpoint output/reranking_pruning_small_20250709_104353/checkpoint-1000
2025-07-09 10:51:24,458 - sentence_transformers.pruning.trainer - INFO - Step 2550, Loss: 0.1465
2025-07-09 10:51:33,039 - sentence_transformers.pruning.trainer - INFO - Step 2600, Loss: 0.1461
2025-07-09 10:51:41,621 - sentence_transformers.pruning.trainer - INFO - Step 2650, Loss: 0.1457
2025-07-09 10:51:50,201 - sentence_transformers.pruning.trainer - INFO - Step 2700, Loss: 0.1453
2025-07-09 10:51:58,771 - sentence_transformers.pruning.trainer - INFO - Step 2750, Loss: 0.1450
2025-07-09 10:52:07,344 - sentence_transformers.pruning.trainer - INFO - Step 2800, Loss: 0.1447
2025-07-09 10:52:15,907 - sentence_transformers.pruning.trainer - INFO - Step 2850, Loss: 0.1444
2025-07-09 10:52:24,468 - sentence_transformers.pruning.trainer - INFO - Step 2900, Loss: 0.1441
2025-07-09 10:52:33,055 - sentence_transformers.pruning.trainer - INFO - Step 2950, Loss: 0.1439
2025-07-09 10:52:41,830 - sentence_transformers.pruning.trainer - INFO - Step 3000, Loss: 0.1436
2025-07-09 10:52:41,830 - sentence_transformers.pruning.trainer - INFO - Running evaluation...
2025-07-09 10:52:43,837 - sentence_transformers.pruning.trainer - INFO - Eval loss: 0.1285
2025-07-09 10:52:43,838 - sentence_transformers.pruning.trainer - INFO - Saving checkpoint to ./output/reranking_pruning_small_20250709_104353/checkpoint-3000
2025-07-09 10:52:44,141 - sentence_transformers.pruning.trainer - INFO - Deleting checkpoint output/reranking_pruning_small_20250709_104353/checkpoint-1500
2025-07-09 10:52:52,743 - sentence_transformers.pruning.trainer - INFO - Step 3050, Loss: 0.1434
2025-07-09 10:52:59,324 - sentence_transformers.pruning.trainer - INFO - Running evaluation...
2025-07-09 10:53:01,296 - sentence_transformers.pruning.trainer - INFO - Eval loss: 0.1271
2025-07-09 10:53:01,602 - sentence_transformers.pruning.trainer - INFO - New best model saved to ./output/reranking_pruning_small_20250709_104353/checkpoint-3088-best
2025-07-09 10:53:01,603 - sentence_transformers.pruning.trainer - INFO - Saving checkpoint to ./output/reranking_pruning_small_20250709_104353/checkpoint-3088
2025-07-09 10:53:01,897 - sentence_transformers.pruning.trainer - INFO - Deleting checkpoint output/reranking_pruning_small_20250709_104353/checkpoint-2000
2025-07-09 10:53:04,468 - sentence_transformers.pruning.trainer - INFO - Step 3100, Loss: 0.1067
2025-07-09 10:53:13,057 - sentence_transformers.pruning.trainer - INFO - Step 3150, Loss: 0.1050
2025-07-09 10:53:21,634 - sentence_transformers.pruning.trainer - INFO - Step 3200, Loss: 0.1045
2025-07-09 10:53:30,199 - sentence_transformers.pruning.trainer - INFO - Step 3250, Loss: 0.1038
2025-07-09 10:53:38,785 - sentence_transformers.pruning.trainer - INFO - Step 3300, Loss: 0.1039
2025-07-09 10:53:47,361 - sentence_transformers.pruning.trainer - INFO - Step 3350, Loss: 0.1032
2025-07-09 10:53:55,933 - sentence_transformers.pruning.trainer - INFO - Step 3400, Loss: 0.1032
2025-07-09 10:54:04,484 - sentence_transformers.pruning.trainer - INFO - Step 3450, Loss: 0.1038
2025-07-09 10:54:13,024 - sentence_transformers.pruning.trainer - INFO - Step 3500, Loss: 0.1040
2025-07-09 10:54:13,024 - sentence_transformers.pruning.trainer - INFO - Running evaluation...
2025-07-09 10:54:15,012 - sentence_transformers.pruning.trainer - INFO - Eval loss: 0.1323
2025-07-09 10:54:15,013 - sentence_transformers.pruning.trainer - INFO - Saving checkpoint to ./output/reranking_pruning_small_20250709_104353/checkpoint-3500
2025-07-09 10:54:15,300 - sentence_transformers.pruning.trainer - INFO - Deleting checkpoint output/reranking_pruning_small_20250709_104353/checkpoint-2500
2025-07-09 10:54:23,902 - sentence_transformers.pruning.trainer - INFO - Step 3550, Loss: 0.1045
2025-07-09 10:54:32,468 - sentence_transformers.pruning.trainer - INFO - Step 3600, Loss: 0.1038
2025-07-09 10:54:41,029 - sentence_transformers.pruning.trainer - INFO - Step 3650, Loss: 0.1035
2025-07-09 10:54:49,578 - sentence_transformers.pruning.trainer - INFO - Step 3700, Loss: 0.1036
2025-07-09 10:54:58,112 - sentence_transformers.pruning.trainer - INFO - Step 3750, Loss: 0.1036
2025-07-09 10:55:06,667 - sentence_transformers.pruning.trainer - INFO - Step 3800, Loss: 0.1034
2025-07-09 10:55:15,213 - sentence_transformers.pruning.trainer - INFO - Step 3850, Loss: 0.1034
2025-07-09 10:55:23,746 - sentence_transformers.pruning.trainer - INFO - Step 3900, Loss: 0.1035
2025-07-09 10:55:32,279 - sentence_transformers.pruning.trainer - INFO - Step 3950, Loss: 0.1034
2025-07-09 10:55:40,819 - sentence_transformers.pruning.trainer - INFO - Step 4000, Loss: 0.1034
2025-07-09 10:55:40,819 - sentence_transformers.pruning.trainer - INFO - Running evaluation...
2025-07-09 10:55:42,844 - sentence_transformers.pruning.trainer - INFO - Eval loss: 0.1301
2025-07-09 10:55:42,845 - sentence_transformers.pruning.trainer - INFO - Saving checkpoint to ./output/reranking_pruning_small_20250709_104353/checkpoint-4000
2025-07-09 10:55:43,142 - sentence_transformers.pruning.trainer - INFO - Deleting checkpoint output/reranking_pruning_small_20250709_104353/checkpoint-3000
2025-07-09 10:55:51,721 - sentence_transformers.pruning.trainer - INFO - Step 4050, Loss: 0.1032
2025-07-09 10:56:00,265 - sentence_transformers.pruning.trainer - INFO - Step 4100, Loss: 0.1031
2025-07-09 10:56:08,805 - sentence_transformers.pruning.trainer - INFO - Step 4150, Loss: 0.1032
2025-07-09 10:56:17,373 - sentence_transformers.pruning.trainer - INFO - Step 4200, Loss: 0.1031
2025-07-09 10:56:25,945 - sentence_transformers.pruning.trainer - INFO - Step 4250, Loss: 0.1031
2025-07-09 10:56:34,517 - sentence_transformers.pruning.trainer - INFO - Step 4300, Loss: 0.1031
2025-07-09 10:56:43,087 - sentence_transformers.pruning.trainer - INFO - Step 4350, Loss: 0.1030
2025-07-09 10:56:51,664 - sentence_transformers.pruning.trainer - INFO - Step 4400, Loss: 0.1029
2025-07-09 10:57:00,228 - sentence_transformers.pruning.trainer - INFO - Step 4450, Loss: 0.1029
2025-07-09 10:57:08,804 - sentence_transformers.pruning.trainer - INFO - Step 4500, Loss: 0.1029
2025-07-09 10:57:08,804 - sentence_transformers.pruning.trainer - INFO - Running evaluation...
2025-07-09 10:57:10,830 - sentence_transformers.pruning.trainer - INFO - Eval loss: 0.1317
2025-07-09 10:57:10,831 - sentence_transformers.pruning.trainer - INFO - Saving checkpoint to ./output/reranking_pruning_small_20250709_104353/checkpoint-4500
2025-07-09 10:57:11,131 - sentence_transformers.pruning.trainer - INFO - Deleting checkpoint output/reranking_pruning_small_20250709_104353/checkpoint-3088
2025-07-09 10:57:19,737 - sentence_transformers.pruning.trainer - INFO - Step 4550, Loss: 0.1029
2025-07-09 10:57:28,319 - sentence_transformers.pruning.trainer - INFO - Step 4600, Loss: 0.1028
2025-07-09 10:57:36,886 - sentence_transformers.pruning.trainer - INFO - Step 4650, Loss: 0.1028
2025-07-09 10:57:45,443 - sentence_transformers.pruning.trainer - INFO - Step 4700, Loss: 0.1029
2025-07-09 10:57:54,029 - sentence_transformers.pruning.trainer - INFO - Step 4750, Loss: 0.1028
2025-07-09 10:58:02,622 - sentence_transformers.pruning.trainer - INFO - Step 4800, Loss: 0.1028
2025-07-09 10:58:11,201 - sentence_transformers.pruning.trainer - INFO - Step 4850, Loss: 0.1027
2025-07-09 10:58:19,780 - sentence_transformers.pruning.trainer - INFO - Step 4900, Loss: 0.1026
2025-07-09 10:58:28,335 - sentence_transformers.pruning.trainer - INFO - Step 4950, Loss: 0.1026
2025-07-09 10:58:36,909 - sentence_transformers.pruning.trainer - INFO - Step 5000, Loss: 0.1026
2025-07-09 10:58:36,909 - sentence_transformers.pruning.trainer - INFO - Running evaluation...
2025-07-09 10:58:38,883 - sentence_transformers.pruning.trainer - INFO - Eval loss: 0.1313
2025-07-09 10:58:38,884 - sentence_transformers.pruning.trainer - INFO - Saving checkpoint to ./output/reranking_pruning_small_20250709_104353/checkpoint-5000
2025-07-09 10:58:39,180 - sentence_transformers.pruning.trainer - INFO - Deleting checkpoint output/reranking_pruning_small_20250709_104353/checkpoint-3500
2025-07-09 10:58:47,791 - sentence_transformers.pruning.trainer - INFO - Step 5050, Loss: 0.1026
2025-07-09 10:58:56,357 - sentence_transformers.pruning.trainer - INFO - Step 5100, Loss: 0.1027
2025-07-09 10:59:04,920 - sentence_transformers.pruning.trainer - INFO - Step 5150, Loss: 0.1026
2025-07-09 10:59:13,490 - sentence_transformers.pruning.trainer - INFO - Step 5200, Loss: 0.1025
2025-07-09 10:59:22,047 - sentence_transformers.pruning.trainer - INFO - Step 5250, Loss: 0.1025
2025-07-09 10:59:30,634 - sentence_transformers.pruning.trainer - INFO - Step 5300, Loss: 0.1025
2025-07-09 10:59:39,200 - sentence_transformers.pruning.trainer - INFO - Step 5350, Loss: 0.1025
2025-07-09 10:59:47,780 - sentence_transformers.pruning.trainer - INFO - Step 5400, Loss: 0.1024
2025-07-09 10:59:56,357 - sentence_transformers.pruning.trainer - INFO - Step 5450, Loss: 0.1024
2025-07-09 11:00:04,937 - sentence_transformers.pruning.trainer - INFO - Step 5500, Loss: 0.1023
2025-07-09 11:00:04,937 - sentence_transformers.pruning.trainer - INFO - Running evaluation...
2025-07-09 11:00:06,941 - sentence_transformers.pruning.trainer - INFO - Eval loss: 0.1312
2025-07-09 11:00:06,941 - sentence_transformers.pruning.trainer - INFO - Saving checkpoint to ./output/reranking_pruning_small_20250709_104353/checkpoint-5500
2025-07-09 11:00:07,236 - sentence_transformers.pruning.trainer - INFO - Deleting checkpoint output/reranking_pruning_small_20250709_104353/checkpoint-4000
2025-07-09 11:00:15,848 - sentence_transformers.pruning.trainer - INFO - Step 5550, Loss: 0.1023
2025-07-09 11:00:24,445 - sentence_transformers.pruning.trainer - INFO - Step 5600, Loss: 0.1023
2025-07-09 11:00:33,032 - sentence_transformers.pruning.trainer - INFO - Step 5650, Loss: 0.1023
2025-07-09 11:00:41,604 - sentence_transformers.pruning.trainer - INFO - Step 5700, Loss: 0.1022
2025-07-09 11:00:50,186 - sentence_transformers.pruning.trainer - INFO - Step 5750, Loss: 0.1022
2025-07-09 11:00:58,759 - sentence_transformers.pruning.trainer - INFO - Step 5800, Loss: 0.1022
2025-07-09 11:01:07,344 - sentence_transformers.pruning.trainer - INFO - Step 5850, Loss: 0.1022
2025-07-09 11:01:15,931 - sentence_transformers.pruning.trainer - INFO - Step 5900, Loss: 0.1022
2025-07-09 11:01:24,515 - sentence_transformers.pruning.trainer - INFO - Step 5950, Loss: 0.1021
2025-07-09 11:01:33,088 - sentence_transformers.pruning.trainer - INFO - Step 6000, Loss: 0.1021
2025-07-09 11:01:33,088 - sentence_transformers.pruning.trainer - INFO - Running evaluation...
2025-07-09 11:01:35,154 - sentence_transformers.pruning.trainer - INFO - Eval loss: 0.1306
2025-07-09 11:01:35,155 - sentence_transformers.pruning.trainer - INFO - Saving checkpoint to ./output/reranking_pruning_small_20250709_104353/checkpoint-6000
2025-07-09 11:01:35,450 - sentence_transformers.pruning.trainer - INFO - Deleting checkpoint output/reranking_pruning_small_20250709_104353/checkpoint-4500
2025-07-09 11:01:44,060 - sentence_transformers.pruning.trainer - INFO - Step 6050, Loss: 0.1020
2025-07-09 11:01:52,642 - sentence_transformers.pruning.trainer - INFO - Step 6100, Loss: 0.1021
2025-07-09 11:02:01,203 - sentence_transformers.pruning.trainer - INFO - Step 6150, Loss: 0.1020
2025-07-09 11:02:05,748 - sentence_transformers.pruning.trainer - INFO - Running evaluation...
2025-07-09 11:02:07,745 - sentence_transformers.pruning.trainer - INFO - Eval loss: 0.1307
2025-07-09 11:02:07,746 - sentence_transformers.pruning.trainer - INFO - Saving checkpoint to ./output/reranking_pruning_small_20250709_104353/checkpoint-6176
2025-07-09 11:02:08,051 - sentence_transformers.pruning.trainer - INFO - Deleting checkpoint output/reranking_pruning_small_20250709_104353/checkpoint-5000
2025-07-09 11:02:08,085 - sentence_transformers.pruning.trainer - INFO - Training completed!
2025-07-09 11:02:08,086 - sentence_transformers.pruning.trainer - INFO - Loading best model from ./output/reranking_pruning_small_20250709_104353/checkpoint-3088-best
2025-07-09 11:02:08,849 - __main__ - INFO - Saving final model to ./output/reranking_pruning_small_20250709_104353/final_model
2025-07-09 11:02:09,131 - __main__ - INFO - Training completed!
