2025-07-09 08:43:55,221 - __main__ - INFO - Starting pruning-only training with full dataset
2025-07-09 08:43:55,222 - __main__ - INFO - Loading dataset: hotchpotch/wip-query-context-pruner-with-teacher-scores/ja-full
2025-07-09 08:44:00,163 - __main__ - INFO - Train dataset size: 500298
2025-07-09 08:44:00,163 - __main__ - INFO - Eval dataset size: 2999
2025-07-09 08:44:00,164 - __main__ - INFO - Dataset columns: ['id', 'query', 'texts', 'chunks_pos', 'labels', 'dataset_name', 'relevant_chunks', 'teacher_scores_japanese-reranker-xsmall-v2']
2025-07-09 08:44:00,164 - __main__ - INFO - Initializing PruningEncoder in pruning_only mode with base model: cl-nagoya/ruri-v3-30m
2025-07-09 08:44:02,811 - __main__ - INFO - Training arguments: {'output_dir': './output/pruning_only_full_20250709_084402', 'num_epochs': 3, 'batch_size': 64, 'learning_rate': 2e-05, 'warmup_ratio': 0.1, 'weight_decay': 0.01, 'gradient_accumulation_steps': 1, 'max_grad_norm': 1.0, 'logging_steps': 100, 'eval_steps': 1000, 'save_steps': 1000, 'save_total_limit': 3, 'seed': 42, 'fp16': True, 'dataloader_num_workers': 4}
2025-07-09 08:44:02,813 - __main__ - INFO - Starting training...
2025-07-09 08:44:02,813 - sentence_transformers.pruning.trainer - INFO - ***** Running training *****
2025-07-09 08:44:02,813 - sentence_transformers.pruning.trainer - INFO -   Num examples = 500298
2025-07-09 08:44:02,813 - sentence_transformers.pruning.trainer - INFO -   Num epochs = 3
2025-07-09 08:44:02,813 - sentence_transformers.pruning.trainer - INFO -   Batch size = 64
2025-07-09 08:44:02,813 - sentence_transformers.pruning.trainer - INFO -   Gradient accumulation steps = 1
2025-07-09 08:44:02,813 - sentence_transformers.pruning.trainer - INFO -   Total optimization steps = 23454
Epoch 1:   0%|          | 0/7818 [00:00<?, ?it/s]2025-07-09 08:44:02,945 - sentence_transformers.pruning.data_collator - INFO - Note: 'labels' column found but will be ignored in pruning_only mode
2025-07-09 08:44:02,948 - sentence_transformers.pruning.data_collator - INFO - Note: 'labels' column found but will be ignored in pruning_only mode
2025-07-09 08:44:02,948 - sentence_transformers.pruning.data_collator - INFO - Note: 'labels' column found but will be ignored in pruning_only mode
2025-07-09 08:44:02,952 - sentence_transformers.pruning.data_collator - INFO - Note: 'labels' column found but will be ignored in pruning_only mode
Epoch 1:   0%|          | 0/7818 [00:01<?, ?it/s]
Traceback (most recent call last):
  File "/home/hotchpotch/src/github.com/hotchpotch/sentence-transformers/scripts/train_pruning_only_full.py", line 160, in <module>
    output_dir = main()
                 ^^^^^^
  File "/home/hotchpotch/src/github.com/hotchpotch/sentence-transformers/scripts/train_pruning_only_full.py", line 144, in main
    trainer.train()
  File "/home/hotchpotch/src/github.com/hotchpotch/sentence-transformers/sentence_transformers/pruning/trainer.py", line 189, in train
    loss = self._training_step(batch)
           ^^^^^^^^^^^^^^^^^^^^^^^^^^
  File "/home/hotchpotch/src/github.com/hotchpotch/sentence-transformers/sentence_transformers/pruning/trainer.py", line 274, in _training_step
    loss = self.loss_fn(sentence_features, labels)
           ^^^^^^^^^^^^^^^^^^^^^^^^^^^^^^^^^^^^^^^
  File "/home/hotchpotch/src/github.com/hotchpotch/sentence-transformers/.venv/lib/python3.11/site-packages/torch/nn/modules/module.py", line 1751, in _wrapped_call_impl
    return self._call_impl(*args, **kwargs)
           ^^^^^^^^^^^^^^^^^^^^^^^^^^^^^^^^
  File "/home/hotchpotch/src/github.com/hotchpotch/sentence-transformers/.venv/lib/python3.11/site-packages/torch/nn/modules/module.py", line 1762, in _call_impl
    return forward_call(*args, **kwargs)
           ^^^^^^^^^^^^^^^^^^^^^^^^^^^^^
  File "/home/hotchpotch/src/github.com/hotchpotch/sentence-transformers/sentence_transformers/pruning/losses.py", line 88, in forward
    outputs = self.model.forward(
              ^^^^^^^^^^^^^^^^^^^
  File "/home/hotchpotch/src/github.com/hotchpotch/sentence-transformers/sentence_transformers/pruning/encoder.py", line 195, in forward
    outputs = self.encoder(
              ^^^^^^^^^^^^^
  File "/home/hotchpotch/src/github.com/hotchpotch/sentence-transformers/.venv/lib/python3.11/site-packages/torch/nn/modules/module.py", line 1751, in _wrapped_call_impl
    return self._call_impl(*args, **kwargs)
           ^^^^^^^^^^^^^^^^^^^^^^^^^^^^^^^^
  File "/home/hotchpotch/src/github.com/hotchpotch/sentence-transformers/.venv/lib/python3.11/site-packages/torch/nn/modules/module.py", line 1762, in _call_impl
    return forward_call(*args, **kwargs)
           ^^^^^^^^^^^^^^^^^^^^^^^^^^^^^
  File "/home/hotchpotch/src/github.com/hotchpotch/sentence-transformers/.venv/lib/python3.11/site-packages/transformers/models/modernbert/modeling_modernbert.py", line 881, in forward
    layer_outputs = encoder_layer(
                    ^^^^^^^^^^^^^^
  File "/home/hotchpotch/src/github.com/hotchpotch/sentence-transformers/.venv/lib/python3.11/site-packages/torch/nn/modules/module.py", line 1751, in _wrapped_call_impl
    return self._call_impl(*args, **kwargs)
           ^^^^^^^^^^^^^^^^^^^^^^^^^^^^^^^^
  File "/home/hotchpotch/src/github.com/hotchpotch/sentence-transformers/.venv/lib/python3.11/site-packages/torch/nn/modules/module.py", line 1762, in _call_impl
    return forward_call(*args, **kwargs)
           ^^^^^^^^^^^^^^^^^^^^^^^^^^^^^
  File "/home/hotchpotch/src/github.com/hotchpotch/sentence-transformers/.venv/lib/python3.11/site-packages/transformers/models/modernbert/modeling_modernbert.py", line 550, in forward
    else self.mlp(self.mlp_norm(hidden_states))
         ^^^^^^^^^^^^^^^^^^^^^^^^^^^^^^^^^^^^^^
  File "/home/hotchpotch/src/github.com/hotchpotch/sentence-transformers/.venv/lib/python3.11/site-packages/torch/nn/modules/module.py", line 1751, in _wrapped_call_impl
    return self._call_impl(*args, **kwargs)
           ^^^^^^^^^^^^^^^^^^^^^^^^^^^^^^^^
  File "/home/hotchpotch/src/github.com/hotchpotch/sentence-transformers/.venv/lib/python3.11/site-packages/torch/nn/modules/module.py", line 1762, in _call_impl
    return forward_call(*args, **kwargs)
           ^^^^^^^^^^^^^^^^^^^^^^^^^^^^^
  File "/home/hotchpotch/src/github.com/hotchpotch/sentence-transformers/.venv/lib/python3.11/site-packages/transformers/models/modernbert/modeling_modernbert.py", line 238, in forward
    input, gate = self.Wi(hidden_states).chunk(2, dim=-1)
                  ^^^^^^^^^^^^^^^^^^^^^^
  File "/home/hotchpotch/src/github.com/hotchpotch/sentence-transformers/.venv/lib/python3.11/site-packages/torch/nn/modules/module.py", line 1751, in _wrapped_call_impl
    return self._call_impl(*args, **kwargs)
           ^^^^^^^^^^^^^^^^^^^^^^^^^^^^^^^^
  File "/home/hotchpotch/src/github.com/hotchpotch/sentence-transformers/.venv/lib/python3.11/site-packages/torch/nn/modules/module.py", line 1762, in _call_impl
    return forward_call(*args, **kwargs)
           ^^^^^^^^^^^^^^^^^^^^^^^^^^^^^
  File "/home/hotchpotch/src/github.com/hotchpotch/sentence-transformers/.venv/lib/python3.11/site-packages/torch/nn/modules/linear.py", line 125, in forward
    return F.linear(input, self.weight, self.bias)
           ^^^^^^^^^^^^^^^^^^^^^^^^^^^^^^^^^^^^^^^
torch.OutOfMemoryError: CUDA out of memory. Tried to allocate 640.00 MiB. GPU 0 has a total capacity of 23.53 GiB of which 337.38 MiB is free. Process 776365 has 13.53 GiB memory in use. Including non-PyTorch memory, this process has 9.65 GiB memory in use. Of the allocated memory 9.16 GiB is allocated by PyTorch, and 39.46 MiB is reserved by PyTorch but unallocated. If reserved but unallocated memory is large try setting PYTORCH_CUDA_ALLOC_CONF=expandable_segments:True to avoid fragmentation.  See documentation for Memory Management  (https://pytorch.org/docs/stable/notes/cuda.html#environment-variables)
