2025-07-09 10:38:16,623 - __main__ - INFO - Starting reranking + pruning training with minimal dataset
2025-07-09 10:38:16,623 - __main__ - INFO - Loading dataset: hotchpotch/wip-query-context-pruner-with-teacher-scores/ja-minimal
2025-07-09 10:38:21,414 - __main__ - INFO - Train dataset size: 9881
2025-07-09 10:38:21,414 - __main__ - INFO - Eval dataset size: 59
2025-07-09 10:38:21,414 - __main__ - INFO - Dataset columns: ['id', 'query', 'texts', 'chunks_pos', 'labels', 'dataset_name', 'relevant_chunks', 'teacher_scores_japanese-reranker-xsmall-v2']
2025-07-09 10:38:21,414 - __main__ - INFO - Initializing PruningEncoder in reranking_pruning mode with base model: hotchpotch/japanese-reranker-xsmall-v2
2025-07-09 10:38:23,622 - __main__ - INFO - Training arguments: {'output_dir': './output/reranking_pruning_minimal_20250709_103823', 'num_epochs': 5, 'batch_size': 16, 'learning_rate': 2e-05, 'warmup_ratio': 0.1, 'weight_decay': 0.01, 'gradient_accumulation_steps': 1, 'max_grad_norm': 1.0, 'logging_steps': 10, 'eval_steps': 50, 'save_steps': 50, 'save_total_limit': 3, 'seed': 42, 'fp16': True, 'dataloader_num_workers': 2}
2025-07-09 10:38:23,623 - __main__ - INFO - Starting training...
2025-07-09 10:38:23,624 - sentence_transformers.pruning.trainer - INFO - ***** Running training *****
2025-07-09 10:38:23,624 - sentence_transformers.pruning.trainer - INFO -   Num examples = 9881
2025-07-09 10:38:23,624 - sentence_transformers.pruning.trainer - INFO -   Num epochs = 5
2025-07-09 10:38:23,624 - sentence_transformers.pruning.trainer - INFO -   Batch size = 16
2025-07-09 10:38:23,624 - sentence_transformers.pruning.trainer - INFO -   Gradient accumulation steps = 1
2025-07-09 10:38:23,624 - sentence_transformers.pruning.trainer - INFO -   Total optimization steps = 3090
2025-07-09 10:38:25,213 - sentence_transformers.pruning.trainer - INFO - Step 10, Loss: 0.8909
2025-07-09 10:38:26,034 - sentence_transformers.pruning.trainer - INFO - Step 20, Loss: 0.8177
2025-07-09 10:38:26,852 - sentence_transformers.pruning.trainer - INFO - Step 30, Loss: 0.7377
2025-07-09 10:38:27,672 - sentence_transformers.pruning.trainer - INFO - Step 40, Loss: 0.6536
2025-07-09 10:38:28,490 - sentence_transformers.pruning.trainer - INFO - Step 50, Loss: 0.5816
2025-07-09 10:38:28,490 - sentence_transformers.pruning.trainer - INFO - Running evaluation...
2025-07-09 10:38:28,966 - sentence_transformers.pruning.trainer - INFO - Eval loss: 0.2369
2025-07-09 10:38:29,251 - sentence_transformers.pruning.trainer - INFO - New best model saved to ./output/reranking_pruning_minimal_20250709_103823/checkpoint-50-best
2025-07-09 10:38:29,252 - sentence_transformers.pruning.trainer - INFO - Saving checkpoint to ./output/reranking_pruning_minimal_20250709_103823/checkpoint-50
2025-07-09 10:38:30,365 - sentence_transformers.pruning.trainer - INFO - Step 60, Loss: 0.5235
2025-07-09 10:38:31,193 - sentence_transformers.pruning.trainer - INFO - Step 70, Loss: 0.4786
2025-07-09 10:38:32,013 - sentence_transformers.pruning.trainer - INFO - Step 80, Loss: 0.4433
2025-07-09 10:38:32,834 - sentence_transformers.pruning.trainer - INFO - Step 90, Loss: 0.4162
2025-07-09 10:38:33,655 - sentence_transformers.pruning.trainer - INFO - Step 100, Loss: 0.3944
2025-07-09 10:38:33,655 - sentence_transformers.pruning.trainer - INFO - Running evaluation...
2025-07-09 10:38:34,147 - sentence_transformers.pruning.trainer - INFO - Eval loss: 0.1699
2025-07-09 10:38:34,443 - sentence_transformers.pruning.trainer - INFO - New best model saved to ./output/reranking_pruning_minimal_20250709_103823/checkpoint-100-best
2025-07-09 10:38:34,443 - sentence_transformers.pruning.trainer - INFO - Saving checkpoint to ./output/reranking_pruning_minimal_20250709_103823/checkpoint-100
2025-07-09 10:38:35,552 - sentence_transformers.pruning.trainer - INFO - Step 110, Loss: 0.3741
2025-07-09 10:38:36,374 - sentence_transformers.pruning.trainer - INFO - Step 120, Loss: 0.3566
2025-07-09 10:38:37,288 - sentence_transformers.pruning.trainer - INFO - Step 130, Loss: 0.3423
2025-07-09 10:38:38,113 - sentence_transformers.pruning.trainer - INFO - Step 140, Loss: 0.3299
2025-07-09 10:38:38,935 - sentence_transformers.pruning.trainer - INFO - Step 150, Loss: 0.3189
2025-07-09 10:38:38,935 - sentence_transformers.pruning.trainer - INFO - Running evaluation...
2025-07-09 10:38:39,405 - sentence_transformers.pruning.trainer - INFO - Eval loss: 0.1566
2025-07-09 10:38:39,710 - sentence_transformers.pruning.trainer - INFO - New best model saved to ./output/reranking_pruning_minimal_20250709_103823/checkpoint-150-best
2025-07-09 10:38:39,711 - sentence_transformers.pruning.trainer - INFO - Saving checkpoint to ./output/reranking_pruning_minimal_20250709_103823/checkpoint-150
2025-07-09 10:38:40,825 - sentence_transformers.pruning.trainer - INFO - Step 160, Loss: 0.3089
2025-07-09 10:38:41,646 - sentence_transformers.pruning.trainer - INFO - Step 170, Loss: 0.2991
2025-07-09 10:38:42,469 - sentence_transformers.pruning.trainer - INFO - Step 180, Loss: 0.2902
2025-07-09 10:38:43,292 - sentence_transformers.pruning.trainer - INFO - Step 190, Loss: 0.2827
2025-07-09 10:38:44,115 - sentence_transformers.pruning.trainer - INFO - Step 200, Loss: 0.2767
2025-07-09 10:38:44,115 - sentence_transformers.pruning.trainer - INFO - Running evaluation...
2025-07-09 10:38:44,593 - sentence_transformers.pruning.trainer - INFO - Eval loss: 0.1509
2025-07-09 10:38:44,892 - sentence_transformers.pruning.trainer - INFO - New best model saved to ./output/reranking_pruning_minimal_20250709_103823/checkpoint-200-best
2025-07-09 10:38:44,892 - sentence_transformers.pruning.trainer - INFO - Saving checkpoint to ./output/reranking_pruning_minimal_20250709_103823/checkpoint-200
2025-07-09 10:38:45,188 - sentence_transformers.pruning.trainer - INFO - Deleting checkpoint output/reranking_pruning_minimal_20250709_103823/checkpoint-50
2025-07-09 10:38:46,043 - sentence_transformers.pruning.trainer - INFO - Step 210, Loss: 0.2708
2025-07-09 10:38:46,869 - sentence_transformers.pruning.trainer - INFO - Step 220, Loss: 0.2652
2025-07-09 10:38:47,694 - sentence_transformers.pruning.trainer - INFO - Step 230, Loss: 0.2605
2025-07-09 10:38:48,520 - sentence_transformers.pruning.trainer - INFO - Step 240, Loss: 0.2560
2025-07-09 10:38:49,342 - sentence_transformers.pruning.trainer - INFO - Step 250, Loss: 0.2516
2025-07-09 10:38:49,342 - sentence_transformers.pruning.trainer - INFO - Running evaluation...
2025-07-09 10:38:49,840 - sentence_transformers.pruning.trainer - INFO - Eval loss: 0.1453
2025-07-09 10:38:50,136 - sentence_transformers.pruning.trainer - INFO - New best model saved to ./output/reranking_pruning_minimal_20250709_103823/checkpoint-250-best
2025-07-09 10:38:50,137 - sentence_transformers.pruning.trainer - INFO - Saving checkpoint to ./output/reranking_pruning_minimal_20250709_103823/checkpoint-250
2025-07-09 10:38:50,431 - sentence_transformers.pruning.trainer - INFO - Deleting checkpoint output/reranking_pruning_minimal_20250709_103823/checkpoint-100
2025-07-09 10:38:51,286 - sentence_transformers.pruning.trainer - INFO - Step 260, Loss: 0.2475
2025-07-09 10:38:52,108 - sentence_transformers.pruning.trainer - INFO - Step 270, Loss: 0.2437
2025-07-09 10:38:52,930 - sentence_transformers.pruning.trainer - INFO - Step 280, Loss: 0.2401
2025-07-09 10:38:53,753 - sentence_transformers.pruning.trainer - INFO - Step 290, Loss: 0.2374
2025-07-09 10:38:54,579 - sentence_transformers.pruning.trainer - INFO - Step 300, Loss: 0.2345
2025-07-09 10:38:54,579 - sentence_transformers.pruning.trainer - INFO - Running evaluation...
2025-07-09 10:38:55,044 - sentence_transformers.pruning.trainer - INFO - Eval loss: 0.1417
2025-07-09 10:38:55,339 - sentence_transformers.pruning.trainer - INFO - New best model saved to ./output/reranking_pruning_minimal_20250709_103823/checkpoint-300-best
2025-07-09 10:38:55,340 - sentence_transformers.pruning.trainer - INFO - Saving checkpoint to ./output/reranking_pruning_minimal_20250709_103823/checkpoint-300
2025-07-09 10:38:55,633 - sentence_transformers.pruning.trainer - INFO - Deleting checkpoint output/reranking_pruning_minimal_20250709_103823/checkpoint-150
2025-07-09 10:38:56,499 - sentence_transformers.pruning.trainer - INFO - Step 310, Loss: 0.2316
2025-07-09 10:38:57,320 - sentence_transformers.pruning.trainer - INFO - Step 320, Loss: 0.2291
2025-07-09 10:38:58,140 - sentence_transformers.pruning.trainer - INFO - Step 330, Loss: 0.2268
2025-07-09 10:38:58,963 - sentence_transformers.pruning.trainer - INFO - Step 340, Loss: 0.2244
2025-07-09 10:38:59,787 - sentence_transformers.pruning.trainer - INFO - Step 350, Loss: 0.2227
2025-07-09 10:38:59,788 - sentence_transformers.pruning.trainer - INFO - Running evaluation...
2025-07-09 10:39:00,276 - sentence_transformers.pruning.trainer - INFO - Eval loss: 0.1439
2025-07-09 10:39:00,276 - sentence_transformers.pruning.trainer - INFO - Saving checkpoint to ./output/reranking_pruning_minimal_20250709_103823/checkpoint-350
2025-07-09 10:39:00,574 - sentence_transformers.pruning.trainer - INFO - Deleting checkpoint output/reranking_pruning_minimal_20250709_103823/checkpoint-200
2025-07-09 10:39:01,436 - sentence_transformers.pruning.trainer - INFO - Step 360, Loss: 0.2209
2025-07-09 10:39:02,255 - sentence_transformers.pruning.trainer - INFO - Step 370, Loss: 0.2187
2025-07-09 10:39:03,071 - sentence_transformers.pruning.trainer - INFO - Step 380, Loss: 0.2168
2025-07-09 10:39:03,887 - sentence_transformers.pruning.trainer - INFO - Step 390, Loss: 0.2151
2025-07-09 10:39:04,703 - sentence_transformers.pruning.trainer - INFO - Step 400, Loss: 0.2137
2025-07-09 10:39:04,703 - sentence_transformers.pruning.trainer - INFO - Running evaluation...
2025-07-09 10:39:05,193 - sentence_transformers.pruning.trainer - INFO - Eval loss: 0.1464
2025-07-09 10:39:05,194 - sentence_transformers.pruning.trainer - INFO - Saving checkpoint to ./output/reranking_pruning_minimal_20250709_103823/checkpoint-400
2025-07-09 10:39:05,492 - sentence_transformers.pruning.trainer - INFO - Deleting checkpoint output/reranking_pruning_minimal_20250709_103823/checkpoint-250
2025-07-09 10:39:06,349 - sentence_transformers.pruning.trainer - INFO - Step 410, Loss: 0.2122
2025-07-09 10:39:07,169 - sentence_transformers.pruning.trainer - INFO - Step 420, Loss: 0.2108
2025-07-09 10:39:07,993 - sentence_transformers.pruning.trainer - INFO - Step 430, Loss: 0.2090
2025-07-09 10:39:08,818 - sentence_transformers.pruning.trainer - INFO - Step 440, Loss: 0.2078
2025-07-09 10:39:09,640 - sentence_transformers.pruning.trainer - INFO - Step 450, Loss: 0.2065
2025-07-09 10:39:09,641 - sentence_transformers.pruning.trainer - INFO - Running evaluation...
2025-07-09 10:39:10,109 - sentence_transformers.pruning.trainer - INFO - Eval loss: 0.1411
2025-07-09 10:39:10,407 - sentence_transformers.pruning.trainer - INFO - New best model saved to ./output/reranking_pruning_minimal_20250709_103823/checkpoint-450-best
2025-07-09 10:39:10,408 - sentence_transformers.pruning.trainer - INFO - Saving checkpoint to ./output/reranking_pruning_minimal_20250709_103823/checkpoint-450
2025-07-09 10:39:10,703 - sentence_transformers.pruning.trainer - INFO - Deleting checkpoint output/reranking_pruning_minimal_20250709_103823/checkpoint-300
2025-07-09 10:39:11,562 - sentence_transformers.pruning.trainer - INFO - Step 460, Loss: 0.2051
2025-07-09 10:39:12,387 - sentence_transformers.pruning.trainer - INFO - Step 470, Loss: 0.2041
2025-07-09 10:39:13,217 - sentence_transformers.pruning.trainer - INFO - Step 480, Loss: 0.2027
2025-07-09 10:39:14,049 - sentence_transformers.pruning.trainer - INFO - Step 490, Loss: 0.2016
2025-07-09 10:39:14,879 - sentence_transformers.pruning.trainer - INFO - Step 500, Loss: 0.2004
2025-07-09 10:39:14,879 - sentence_transformers.pruning.trainer - INFO - Running evaluation...
2025-07-09 10:39:15,371 - sentence_transformers.pruning.trainer - INFO - Eval loss: 0.1372
2025-07-09 10:39:15,668 - sentence_transformers.pruning.trainer - INFO - New best model saved to ./output/reranking_pruning_minimal_20250709_103823/checkpoint-500-best
2025-07-09 10:39:15,668 - sentence_transformers.pruning.trainer - INFO - Saving checkpoint to ./output/reranking_pruning_minimal_20250709_103823/checkpoint-500
2025-07-09 10:39:15,959 - sentence_transformers.pruning.trainer - INFO - Deleting checkpoint output/reranking_pruning_minimal_20250709_103823/checkpoint-350
2025-07-09 10:39:16,825 - sentence_transformers.pruning.trainer - INFO - Step 510, Loss: 0.1991
2025-07-09 10:39:17,648 - sentence_transformers.pruning.trainer - INFO - Step 520, Loss: 0.1980
2025-07-09 10:39:18,472 - sentence_transformers.pruning.trainer - INFO - Step 530, Loss: 0.1970
2025-07-09 10:39:19,293 - sentence_transformers.pruning.trainer - INFO - Step 540, Loss: 0.1959
2025-07-09 10:39:20,108 - sentence_transformers.pruning.trainer - INFO - Step 550, Loss: 0.1950
2025-07-09 10:39:20,108 - sentence_transformers.pruning.trainer - INFO - Running evaluation...
2025-07-09 10:39:20,616 - sentence_transformers.pruning.trainer - INFO - Eval loss: 0.1318
2025-07-09 10:39:20,914 - sentence_transformers.pruning.trainer - INFO - New best model saved to ./output/reranking_pruning_minimal_20250709_103823/checkpoint-550-best
2025-07-09 10:39:20,915 - sentence_transformers.pruning.trainer - INFO - Saving checkpoint to ./output/reranking_pruning_minimal_20250709_103823/checkpoint-550
2025-07-09 10:39:21,204 - sentence_transformers.pruning.trainer - INFO - Deleting checkpoint output/reranking_pruning_minimal_20250709_103823/checkpoint-400
2025-07-09 10:39:22,067 - sentence_transformers.pruning.trainer - INFO - Step 560, Loss: 0.1943
2025-07-09 10:39:22,892 - sentence_transformers.pruning.trainer - INFO - Step 570, Loss: 0.1932
2025-07-09 10:39:23,714 - sentence_transformers.pruning.trainer - INFO - Step 580, Loss: 0.1924
2025-07-09 10:39:24,537 - sentence_transformers.pruning.trainer - INFO - Step 590, Loss: 0.1916
2025-07-09 10:39:25,361 - sentence_transformers.pruning.trainer - INFO - Step 600, Loss: 0.1908
2025-07-09 10:39:25,361 - sentence_transformers.pruning.trainer - INFO - Running evaluation...
2025-07-09 10:39:25,852 - sentence_transformers.pruning.trainer - INFO - Eval loss: 0.1356
2025-07-09 10:39:25,852 - sentence_transformers.pruning.trainer - INFO - Saving checkpoint to ./output/reranking_pruning_minimal_20250709_103823/checkpoint-600
2025-07-09 10:39:26,156 - sentence_transformers.pruning.trainer - INFO - Deleting checkpoint output/reranking_pruning_minimal_20250709_103823/checkpoint-450
2025-07-09 10:39:27,019 - sentence_transformers.pruning.trainer - INFO - Step 610, Loss: 0.1898
2025-07-09 10:39:27,699 - sentence_transformers.pruning.trainer - INFO - Running evaluation...
2025-07-09 10:39:28,195 - sentence_transformers.pruning.trainer - INFO - Eval loss: 0.1391
2025-07-09 10:39:28,196 - sentence_transformers.pruning.trainer - INFO - Saving checkpoint to ./output/reranking_pruning_minimal_20250709_103823/checkpoint-618
2025-07-09 10:39:28,501 - sentence_transformers.pruning.trainer - INFO - Deleting checkpoint output/reranking_pruning_minimal_20250709_103823/checkpoint-500
2025-07-09 10:39:28,940 - sentence_transformers.pruning.trainer - INFO - Step 620, Loss: 0.1386
2025-07-09 10:39:29,764 - sentence_transformers.pruning.trainer - INFO - Step 630, Loss: 0.1300
2025-07-09 10:39:30,591 - sentence_transformers.pruning.trainer - INFO - Step 640, Loss: 0.1276
2025-07-09 10:39:31,417 - sentence_transformers.pruning.trainer - INFO - Step 650, Loss: 0.1233
2025-07-09 10:39:31,417 - sentence_transformers.pruning.trainer - INFO - Running evaluation...
2025-07-09 10:39:31,920 - sentence_transformers.pruning.trainer - INFO - Eval loss: 0.1387
2025-07-09 10:39:31,921 - sentence_transformers.pruning.trainer - INFO - Saving checkpoint to ./output/reranking_pruning_minimal_20250709_103823/checkpoint-650
2025-07-09 10:39:32,222 - sentence_transformers.pruning.trainer - INFO - Deleting checkpoint output/reranking_pruning_minimal_20250709_103823/checkpoint-550
2025-07-09 10:39:33,085 - sentence_transformers.pruning.trainer - INFO - Step 660, Loss: 0.1218
2025-07-09 10:39:33,912 - sentence_transformers.pruning.trainer - INFO - Step 670, Loss: 0.1175
2025-07-09 10:39:34,736 - sentence_transformers.pruning.trainer - INFO - Step 680, Loss: 0.1178
2025-07-09 10:39:35,560 - sentence_transformers.pruning.trainer - INFO - Step 690, Loss: 0.1161
2025-07-09 10:39:36,403 - sentence_transformers.pruning.trainer - INFO - Step 700, Loss: 0.1149
2025-07-09 10:39:36,403 - sentence_transformers.pruning.trainer - INFO - Running evaluation...
2025-07-09 10:39:36,914 - sentence_transformers.pruning.trainer - INFO - Eval loss: 0.1336
2025-07-09 10:39:36,915 - sentence_transformers.pruning.trainer - INFO - Saving checkpoint to ./output/reranking_pruning_minimal_20250709_103823/checkpoint-700
2025-07-09 10:39:37,223 - sentence_transformers.pruning.trainer - INFO - Deleting checkpoint output/reranking_pruning_minimal_20250709_103823/checkpoint-600
2025-07-09 10:39:38,083 - sentence_transformers.pruning.trainer - INFO - Step 710, Loss: 0.1145
2025-07-09 10:39:38,905 - sentence_transformers.pruning.trainer - INFO - Step 720, Loss: 0.1143
2025-07-09 10:39:39,730 - sentence_transformers.pruning.trainer - INFO - Step 730, Loss: 0.1132
2025-07-09 10:39:40,655 - sentence_transformers.pruning.trainer - INFO - Step 740, Loss: 0.1136
2025-07-09 10:39:41,476 - sentence_transformers.pruning.trainer - INFO - Step 750, Loss: 0.1141
2025-07-09 10:39:41,477 - sentence_transformers.pruning.trainer - INFO - Running evaluation...
2025-07-09 10:39:41,980 - sentence_transformers.pruning.trainer - INFO - Eval loss: 0.1348
2025-07-09 10:39:41,980 - sentence_transformers.pruning.trainer - INFO - Saving checkpoint to ./output/reranking_pruning_minimal_20250709_103823/checkpoint-750
2025-07-09 10:39:42,264 - sentence_transformers.pruning.trainer - INFO - Deleting checkpoint output/reranking_pruning_minimal_20250709_103823/checkpoint-618
2025-07-09 10:39:43,124 - sentence_transformers.pruning.trainer - INFO - Step 760, Loss: 0.1141
2025-07-09 10:39:43,946 - sentence_transformers.pruning.trainer - INFO - Step 770, Loss: 0.1136
2025-07-09 10:39:44,766 - sentence_transformers.pruning.trainer - INFO - Step 780, Loss: 0.1132
2025-07-09 10:39:45,587 - sentence_transformers.pruning.trainer - INFO - Step 790, Loss: 0.1131
2025-07-09 10:39:46,407 - sentence_transformers.pruning.trainer - INFO - Step 800, Loss: 0.1129
2025-07-09 10:39:46,407 - sentence_transformers.pruning.trainer - INFO - Running evaluation...
2025-07-09 10:39:46,890 - sentence_transformers.pruning.trainer - INFO - Eval loss: 0.1321
2025-07-09 10:39:46,891 - sentence_transformers.pruning.trainer - INFO - Saving checkpoint to ./output/reranking_pruning_minimal_20250709_103823/checkpoint-800
2025-07-09 10:39:47,181 - sentence_transformers.pruning.trainer - INFO - Deleting checkpoint output/reranking_pruning_minimal_20250709_103823/checkpoint-650
2025-07-09 10:39:48,043 - sentence_transformers.pruning.trainer - INFO - Step 810, Loss: 0.1131
2025-07-09 10:39:48,864 - sentence_transformers.pruning.trainer - INFO - Step 820, Loss: 0.1120
2025-07-09 10:39:49,684 - sentence_transformers.pruning.trainer - INFO - Step 830, Loss: 0.1119
2025-07-09 10:39:50,504 - sentence_transformers.pruning.trainer - INFO - Step 840, Loss: 0.1124
2025-07-09 10:39:51,327 - sentence_transformers.pruning.trainer - INFO - Step 850, Loss: 0.1125
2025-07-09 10:39:51,327 - sentence_transformers.pruning.trainer - INFO - Running evaluation...
2025-07-09 10:39:51,832 - sentence_transformers.pruning.trainer - INFO - Eval loss: 0.1337
2025-07-09 10:39:51,833 - sentence_transformers.pruning.trainer - INFO - Saving checkpoint to ./output/reranking_pruning_minimal_20250709_103823/checkpoint-850
2025-07-09 10:39:52,123 - sentence_transformers.pruning.trainer - INFO - Deleting checkpoint output/reranking_pruning_minimal_20250709_103823/checkpoint-700
2025-07-09 10:39:52,983 - sentence_transformers.pruning.trainer - INFO - Step 860, Loss: 0.1120
2025-07-09 10:39:53,804 - sentence_transformers.pruning.trainer - INFO - Step 870, Loss: 0.1122
2025-07-09 10:39:54,630 - sentence_transformers.pruning.trainer - INFO - Step 880, Loss: 0.1119
2025-07-09 10:39:55,453 - sentence_transformers.pruning.trainer - INFO - Step 890, Loss: 0.1120
2025-07-09 10:39:56,274 - sentence_transformers.pruning.trainer - INFO - Step 900, Loss: 0.1120
2025-07-09 10:39:56,274 - sentence_transformers.pruning.trainer - INFO - Running evaluation...
2025-07-09 10:39:56,771 - sentence_transformers.pruning.trainer - INFO - Eval loss: 0.1292
2025-07-09 10:39:57,070 - sentence_transformers.pruning.trainer - INFO - New best model saved to ./output/reranking_pruning_minimal_20250709_103823/checkpoint-900-best
2025-07-09 10:39:57,071 - sentence_transformers.pruning.trainer - INFO - Saving checkpoint to ./output/reranking_pruning_minimal_20250709_103823/checkpoint-900
2025-07-09 10:39:57,355 - sentence_transformers.pruning.trainer - INFO - Deleting checkpoint output/reranking_pruning_minimal_20250709_103823/checkpoint-750
2025-07-09 10:39:58,213 - sentence_transformers.pruning.trainer - INFO - Step 910, Loss: 0.1120
2025-07-09 10:39:59,038 - sentence_transformers.pruning.trainer - INFO - Step 920, Loss: 0.1119
2025-07-09 10:39:59,860 - sentence_transformers.pruning.trainer - INFO - Step 930, Loss: 0.1116
2025-07-09 10:40:00,682 - sentence_transformers.pruning.trainer - INFO - Step 940, Loss: 0.1120
2025-07-09 10:40:01,501 - sentence_transformers.pruning.trainer - INFO - Step 950, Loss: 0.1121
2025-07-09 10:40:01,501 - sentence_transformers.pruning.trainer - INFO - Running evaluation...
2025-07-09 10:40:02,000 - sentence_transformers.pruning.trainer - INFO - Eval loss: 0.1359
2025-07-09 10:40:02,000 - sentence_transformers.pruning.trainer - INFO - Saving checkpoint to ./output/reranking_pruning_minimal_20250709_103823/checkpoint-950
2025-07-09 10:40:02,294 - sentence_transformers.pruning.trainer - INFO - Deleting checkpoint output/reranking_pruning_minimal_20250709_103823/checkpoint-800
2025-07-09 10:40:03,150 - sentence_transformers.pruning.trainer - INFO - Step 960, Loss: 0.1117
2025-07-09 10:40:03,970 - sentence_transformers.pruning.trainer - INFO - Step 970, Loss: 0.1114
2025-07-09 10:40:04,789 - sentence_transformers.pruning.trainer - INFO - Step 980, Loss: 0.1117
2025-07-09 10:40:05,619 - sentence_transformers.pruning.trainer - INFO - Step 990, Loss: 0.1116
2025-07-09 10:40:06,444 - sentence_transformers.pruning.trainer - INFO - Step 1000, Loss: 0.1115
2025-07-09 10:40:06,444 - sentence_transformers.pruning.trainer - INFO - Running evaluation...
2025-07-09 10:40:06,938 - sentence_transformers.pruning.trainer - INFO - Eval loss: 0.1345
2025-07-09 10:40:06,939 - sentence_transformers.pruning.trainer - INFO - Saving checkpoint to ./output/reranking_pruning_minimal_20250709_103823/checkpoint-1000
2025-07-09 10:40:07,259 - sentence_transformers.pruning.trainer - INFO - Deleting checkpoint output/reranking_pruning_minimal_20250709_103823/checkpoint-850
2025-07-09 10:40:08,125 - sentence_transformers.pruning.trainer - INFO - Step 1010, Loss: 0.1114
2025-07-09 10:40:08,947 - sentence_transformers.pruning.trainer - INFO - Step 1020, Loss: 0.1111
2025-07-09 10:40:09,775 - sentence_transformers.pruning.trainer - INFO - Step 1030, Loss: 0.1113
2025-07-09 10:40:10,600 - sentence_transformers.pruning.trainer - INFO - Step 1040, Loss: 0.1112
2025-07-09 10:40:11,423 - sentence_transformers.pruning.trainer - INFO - Step 1050, Loss: 0.1111
2025-07-09 10:40:11,423 - sentence_transformers.pruning.trainer - INFO - Running evaluation...
2025-07-09 10:40:11,930 - sentence_transformers.pruning.trainer - INFO - Eval loss: 0.1319
2025-07-09 10:40:11,931 - sentence_transformers.pruning.trainer - INFO - Saving checkpoint to ./output/reranking_pruning_minimal_20250709_103823/checkpoint-1050
2025-07-09 10:40:12,223 - sentence_transformers.pruning.trainer - INFO - Deleting checkpoint output/reranking_pruning_minimal_20250709_103823/checkpoint-900
2025-07-09 10:40:13,084 - sentence_transformers.pruning.trainer - INFO - Step 1060, Loss: 0.1108
2025-07-09 10:40:13,906 - sentence_transformers.pruning.trainer - INFO - Step 1070, Loss: 0.1108
2025-07-09 10:40:14,726 - sentence_transformers.pruning.trainer - INFO - Step 1080, Loss: 0.1105
2025-07-09 10:40:15,547 - sentence_transformers.pruning.trainer - INFO - Step 1090, Loss: 0.1105
2025-07-09 10:40:16,370 - sentence_transformers.pruning.trainer - INFO - Step 1100, Loss: 0.1104
2025-07-09 10:40:16,370 - sentence_transformers.pruning.trainer - INFO - Running evaluation...
2025-07-09 10:40:16,870 - sentence_transformers.pruning.trainer - INFO - Eval loss: 0.1284
2025-07-09 10:40:17,162 - sentence_transformers.pruning.trainer - INFO - New best model saved to ./output/reranking_pruning_minimal_20250709_103823/checkpoint-1100-best
2025-07-09 10:40:17,163 - sentence_transformers.pruning.trainer - INFO - Saving checkpoint to ./output/reranking_pruning_minimal_20250709_103823/checkpoint-1100
2025-07-09 10:40:17,443 - sentence_transformers.pruning.trainer - INFO - Deleting checkpoint output/reranking_pruning_minimal_20250709_103823/checkpoint-950
2025-07-09 10:40:18,300 - sentence_transformers.pruning.trainer - INFO - Step 1110, Loss: 0.1106
2025-07-09 10:40:19,124 - sentence_transformers.pruning.trainer - INFO - Step 1120, Loss: 0.1106
2025-07-09 10:40:19,957 - sentence_transformers.pruning.trainer - INFO - Step 1130, Loss: 0.1105
2025-07-09 10:40:20,783 - sentence_transformers.pruning.trainer - INFO - Step 1140, Loss: 0.1105
2025-07-09 10:40:21,607 - sentence_transformers.pruning.trainer - INFO - Step 1150, Loss: 0.1104
2025-07-09 10:40:21,607 - sentence_transformers.pruning.trainer - INFO - Running evaluation...
2025-07-09 10:40:22,114 - sentence_transformers.pruning.trainer - INFO - Eval loss: 0.1331
2025-07-09 10:40:22,114 - sentence_transformers.pruning.trainer - INFO - Saving checkpoint to ./output/reranking_pruning_minimal_20250709_103823/checkpoint-1150
2025-07-09 10:40:22,404 - sentence_transformers.pruning.trainer - INFO - Deleting checkpoint output/reranking_pruning_minimal_20250709_103823/checkpoint-1000
2025-07-09 10:40:23,263 - sentence_transformers.pruning.trainer - INFO - Step 1160, Loss: 0.1101
2025-07-09 10:40:24,087 - sentence_transformers.pruning.trainer - INFO - Step 1170, Loss: 0.1103
2025-07-09 10:40:24,908 - sentence_transformers.pruning.trainer - INFO - Step 1180, Loss: 0.1105
2025-07-09 10:40:25,731 - sentence_transformers.pruning.trainer - INFO - Step 1190, Loss: 0.1103
2025-07-09 10:40:26,554 - sentence_transformers.pruning.trainer - INFO - Step 1200, Loss: 0.1102
2025-07-09 10:40:26,554 - sentence_transformers.pruning.trainer - INFO - Running evaluation...
2025-07-09 10:40:27,048 - sentence_transformers.pruning.trainer - INFO - Eval loss: 0.1291
2025-07-09 10:40:27,049 - sentence_transformers.pruning.trainer - INFO - Saving checkpoint to ./output/reranking_pruning_minimal_20250709_103823/checkpoint-1200
2025-07-09 10:40:27,335 - sentence_transformers.pruning.trainer - INFO - Deleting checkpoint output/reranking_pruning_minimal_20250709_103823/checkpoint-1050
2025-07-09 10:40:28,198 - sentence_transformers.pruning.trainer - INFO - Step 1210, Loss: 0.1101
2025-07-09 10:40:29,024 - sentence_transformers.pruning.trainer - INFO - Step 1220, Loss: 0.1101
2025-07-09 10:40:29,849 - sentence_transformers.pruning.trainer - INFO - Step 1230, Loss: 0.1101
2025-07-09 10:40:30,385 - sentence_transformers.pruning.trainer - INFO - Running evaluation...
2025-07-09 10:40:30,886 - sentence_transformers.pruning.trainer - INFO - Eval loss: 0.1329
2025-07-09 10:40:30,887 - sentence_transformers.pruning.trainer - INFO - Saving checkpoint to ./output/reranking_pruning_minimal_20250709_103823/checkpoint-1236
2025-07-09 10:40:31,189 - sentence_transformers.pruning.trainer - INFO - Deleting checkpoint output/reranking_pruning_minimal_20250709_103823/checkpoint-1100
2025-07-09 10:40:31,803 - sentence_transformers.pruning.trainer - INFO - Step 1240, Loss: 0.0760
2025-07-09 10:40:32,627 - sentence_transformers.pruning.trainer - INFO - Step 1250, Loss: 0.0708
2025-07-09 10:40:32,627 - sentence_transformers.pruning.trainer - INFO - Running evaluation...
2025-07-09 10:40:33,134 - sentence_transformers.pruning.trainer - INFO - Eval loss: 0.1382
2025-07-09 10:40:33,135 - sentence_transformers.pruning.trainer - INFO - Saving checkpoint to ./output/reranking_pruning_minimal_20250709_103823/checkpoint-1250
2025-07-09 10:40:33,435 - sentence_transformers.pruning.trainer - INFO - Deleting checkpoint output/reranking_pruning_minimal_20250709_103823/checkpoint-1150
2025-07-09 10:40:34,286 - sentence_transformers.pruning.trainer - INFO - Step 1260, Loss: 0.0716
2025-07-09 10:40:35,106 - sentence_transformers.pruning.trainer - INFO - Step 1270, Loss: 0.0726
2025-07-09 10:40:35,929 - sentence_transformers.pruning.trainer - INFO - Step 1280, Loss: 0.0737
2025-07-09 10:40:36,754 - sentence_transformers.pruning.trainer - INFO - Step 1290, Loss: 0.0725
2025-07-09 10:40:37,577 - sentence_transformers.pruning.trainer - INFO - Step 1300, Loss: 0.0720
2025-07-09 10:40:37,577 - sentence_transformers.pruning.trainer - INFO - Running evaluation...
2025-07-09 10:40:38,084 - sentence_transformers.pruning.trainer - INFO - Eval loss: 0.1429
2025-07-09 10:40:38,084 - sentence_transformers.pruning.trainer - INFO - Saving checkpoint to ./output/reranking_pruning_minimal_20250709_103823/checkpoint-1300
2025-07-09 10:40:38,382 - sentence_transformers.pruning.trainer - INFO - Deleting checkpoint output/reranking_pruning_minimal_20250709_103823/checkpoint-1200
2025-07-09 10:40:39,245 - sentence_transformers.pruning.trainer - INFO - Step 1310, Loss: 0.0724
2025-07-09 10:40:40,069 - sentence_transformers.pruning.trainer - INFO - Step 1320, Loss: 0.0714
2025-07-09 10:40:40,894 - sentence_transformers.pruning.trainer - INFO - Step 1330, Loss: 0.0713
2025-07-09 10:40:41,717 - sentence_transformers.pruning.trainer - INFO - Step 1340, Loss: 0.0719
2025-07-09 10:40:42,624 - sentence_transformers.pruning.trainer - INFO - Step 1350, Loss: 0.0721
2025-07-09 10:40:42,624 - sentence_transformers.pruning.trainer - INFO - Running evaluation...
2025-07-09 10:40:43,113 - sentence_transformers.pruning.trainer - INFO - Eval loss: 0.1433
2025-07-09 10:40:43,114 - sentence_transformers.pruning.trainer - INFO - Saving checkpoint to ./output/reranking_pruning_minimal_20250709_103823/checkpoint-1350
2025-07-09 10:40:43,399 - sentence_transformers.pruning.trainer - INFO - Deleting checkpoint output/reranking_pruning_minimal_20250709_103823/checkpoint-1236
2025-07-09 10:40:44,261 - sentence_transformers.pruning.trainer - INFO - Step 1360, Loss: 0.0725
2025-07-09 10:40:45,087 - sentence_transformers.pruning.trainer - INFO - Step 1370, Loss: 0.0721
2025-07-09 10:40:45,911 - sentence_transformers.pruning.trainer - INFO - Step 1380, Loss: 0.0722
2025-07-09 10:40:46,733 - sentence_transformers.pruning.trainer - INFO - Step 1390, Loss: 0.0719
2025-07-09 10:40:47,553 - sentence_transformers.pruning.trainer - INFO - Step 1400, Loss: 0.0717
2025-07-09 10:40:47,553 - sentence_transformers.pruning.trainer - INFO - Running evaluation...
2025-07-09 10:40:48,057 - sentence_transformers.pruning.trainer - INFO - Eval loss: 0.1439
2025-07-09 10:40:48,057 - sentence_transformers.pruning.trainer - INFO - Saving checkpoint to ./output/reranking_pruning_minimal_20250709_103823/checkpoint-1400
2025-07-09 10:40:48,354 - sentence_transformers.pruning.trainer - INFO - Deleting checkpoint output/reranking_pruning_minimal_20250709_103823/checkpoint-1250
2025-07-09 10:40:49,221 - sentence_transformers.pruning.trainer - INFO - Step 1410, Loss: 0.0713
2025-07-09 10:40:50,047 - sentence_transformers.pruning.trainer - INFO - Step 1420, Loss: 0.0715
2025-07-09 10:40:50,872 - sentence_transformers.pruning.trainer - INFO - Step 1430, Loss: 0.0713
2025-07-09 10:40:51,702 - sentence_transformers.pruning.trainer - INFO - Step 1440, Loss: 0.0712
2025-07-09 10:40:52,523 - sentence_transformers.pruning.trainer - INFO - Step 1450, Loss: 0.0715
2025-07-09 10:40:52,524 - sentence_transformers.pruning.trainer - INFO - Running evaluation...
2025-07-09 10:40:53,015 - sentence_transformers.pruning.trainer - INFO - Eval loss: 0.1406
2025-07-09 10:40:53,016 - sentence_transformers.pruning.trainer - INFO - Saving checkpoint to ./output/reranking_pruning_minimal_20250709_103823/checkpoint-1450
2025-07-09 10:40:53,315 - sentence_transformers.pruning.trainer - INFO - Deleting checkpoint output/reranking_pruning_minimal_20250709_103823/checkpoint-1300
2025-07-09 10:40:54,177 - sentence_transformers.pruning.trainer - INFO - Step 1460, Loss: 0.0717
2025-07-09 10:40:54,999 - sentence_transformers.pruning.trainer - INFO - Step 1470, Loss: 0.0723
2025-07-09 10:40:55,821 - sentence_transformers.pruning.trainer - INFO - Step 1480, Loss: 0.0721
2025-07-09 10:40:56,646 - sentence_transformers.pruning.trainer - INFO - Step 1490, Loss: 0.0726
2025-07-09 10:40:57,470 - sentence_transformers.pruning.trainer - INFO - Step 1500, Loss: 0.0724
2025-07-09 10:40:57,470 - sentence_transformers.pruning.trainer - INFO - Running evaluation...
2025-07-09 10:40:57,974 - sentence_transformers.pruning.trainer - INFO - Eval loss: 0.1394
2025-07-09 10:40:57,974 - sentence_transformers.pruning.trainer - INFO - Saving checkpoint to ./output/reranking_pruning_minimal_20250709_103823/checkpoint-1500
2025-07-09 10:40:58,275 - sentence_transformers.pruning.trainer - INFO - Deleting checkpoint output/reranking_pruning_minimal_20250709_103823/checkpoint-1350
2025-07-09 10:40:59,136 - sentence_transformers.pruning.trainer - INFO - Step 1510, Loss: 0.0728
2025-07-09 10:40:59,956 - sentence_transformers.pruning.trainer - INFO - Step 1520, Loss: 0.0728
2025-07-09 10:41:00,780 - sentence_transformers.pruning.trainer - INFO - Step 1530, Loss: 0.0726
2025-07-09 10:41:01,606 - sentence_transformers.pruning.trainer - INFO - Step 1540, Loss: 0.0726
2025-07-09 10:41:02,429 - sentence_transformers.pruning.trainer - INFO - Step 1550, Loss: 0.0726
2025-07-09 10:41:02,429 - sentence_transformers.pruning.trainer - INFO - Running evaluation...
2025-07-09 10:41:02,936 - sentence_transformers.pruning.trainer - INFO - Eval loss: 0.1364
2025-07-09 10:41:02,937 - sentence_transformers.pruning.trainer - INFO - Saving checkpoint to ./output/reranking_pruning_minimal_20250709_103823/checkpoint-1550
2025-07-09 10:41:03,223 - sentence_transformers.pruning.trainer - INFO - Deleting checkpoint output/reranking_pruning_minimal_20250709_103823/checkpoint-1400
2025-07-09 10:41:04,078 - sentence_transformers.pruning.trainer - INFO - Step 1560, Loss: 0.0725
2025-07-09 10:41:04,904 - sentence_transformers.pruning.trainer - INFO - Step 1570, Loss: 0.0721
2025-07-09 10:41:05,729 - sentence_transformers.pruning.trainer - INFO - Step 1580, Loss: 0.0722
2025-07-09 10:41:06,553 - sentence_transformers.pruning.trainer - INFO - Step 1590, Loss: 0.0722
2025-07-09 10:41:07,392 - sentence_transformers.pruning.trainer - INFO - Step 1600, Loss: 0.0723
2025-07-09 10:41:07,392 - sentence_transformers.pruning.trainer - INFO - Running evaluation...
2025-07-09 10:41:07,895 - sentence_transformers.pruning.trainer - INFO - Eval loss: 0.1339
2025-07-09 10:41:07,896 - sentence_transformers.pruning.trainer - INFO - Saving checkpoint to ./output/reranking_pruning_minimal_20250709_103823/checkpoint-1600
2025-07-09 10:41:08,193 - sentence_transformers.pruning.trainer - INFO - Deleting checkpoint output/reranking_pruning_minimal_20250709_103823/checkpoint-1450
2025-07-09 10:41:09,041 - sentence_transformers.pruning.trainer - INFO - Step 1610, Loss: 0.0724
2025-07-09 10:41:09,857 - sentence_transformers.pruning.trainer - INFO - Step 1620, Loss: 0.0724
2025-07-09 10:41:10,681 - sentence_transformers.pruning.trainer - INFO - Step 1630, Loss: 0.0726
2025-07-09 10:41:11,503 - sentence_transformers.pruning.trainer - INFO - Step 1640, Loss: 0.0722
2025-07-09 10:41:12,328 - sentence_transformers.pruning.trainer - INFO - Step 1650, Loss: 0.0723
2025-07-09 10:41:12,328 - sentence_transformers.pruning.trainer - INFO - Running evaluation...
2025-07-09 10:41:12,855 - sentence_transformers.pruning.trainer - INFO - Eval loss: 0.1382
2025-07-09 10:41:12,856 - sentence_transformers.pruning.trainer - INFO - Saving checkpoint to ./output/reranking_pruning_minimal_20250709_103823/checkpoint-1650
2025-07-09 10:41:13,148 - sentence_transformers.pruning.trainer - INFO - Deleting checkpoint output/reranking_pruning_minimal_20250709_103823/checkpoint-1500
2025-07-09 10:41:14,013 - sentence_transformers.pruning.trainer - INFO - Step 1660, Loss: 0.0723
2025-07-09 10:41:14,837 - sentence_transformers.pruning.trainer - INFO - Step 1670, Loss: 0.0723
2025-07-09 10:41:15,663 - sentence_transformers.pruning.trainer - INFO - Step 1680, Loss: 0.0723
2025-07-09 10:41:16,484 - sentence_transformers.pruning.trainer - INFO - Step 1690, Loss: 0.0723
2025-07-09 10:41:17,310 - sentence_transformers.pruning.trainer - INFO - Step 1700, Loss: 0.0724
2025-07-09 10:41:17,310 - sentence_transformers.pruning.trainer - INFO - Running evaluation...
2025-07-09 10:41:17,819 - sentence_transformers.pruning.trainer - INFO - Eval loss: 0.1385
2025-07-09 10:41:17,819 - sentence_transformers.pruning.trainer - INFO - Saving checkpoint to ./output/reranking_pruning_minimal_20250709_103823/checkpoint-1700
2025-07-09 10:41:18,122 - sentence_transformers.pruning.trainer - INFO - Deleting checkpoint output/reranking_pruning_minimal_20250709_103823/checkpoint-1550
2025-07-09 10:41:18,980 - sentence_transformers.pruning.trainer - INFO - Step 1710, Loss: 0.0724
2025-07-09 10:41:19,800 - sentence_transformers.pruning.trainer - INFO - Step 1720, Loss: 0.0724
2025-07-09 10:41:20,620 - sentence_transformers.pruning.trainer - INFO - Step 1730, Loss: 0.0725
2025-07-09 10:41:21,441 - sentence_transformers.pruning.trainer - INFO - Step 1740, Loss: 0.0724
2025-07-09 10:41:22,262 - sentence_transformers.pruning.trainer - INFO - Step 1750, Loss: 0.0723
2025-07-09 10:41:22,262 - sentence_transformers.pruning.trainer - INFO - Running evaluation...
2025-07-09 10:41:22,774 - sentence_transformers.pruning.trainer - INFO - Eval loss: 0.1356
2025-07-09 10:41:22,775 - sentence_transformers.pruning.trainer - INFO - Saving checkpoint to ./output/reranking_pruning_minimal_20250709_103823/checkpoint-1750
2025-07-09 10:41:23,069 - sentence_transformers.pruning.trainer - INFO - Deleting checkpoint output/reranking_pruning_minimal_20250709_103823/checkpoint-1600
2025-07-09 10:41:23,930 - sentence_transformers.pruning.trainer - INFO - Step 1760, Loss: 0.0721
2025-07-09 10:41:24,762 - sentence_transformers.pruning.trainer - INFO - Step 1770, Loss: 0.0722
2025-07-09 10:41:25,588 - sentence_transformers.pruning.trainer - INFO - Step 1780, Loss: 0.0721
2025-07-09 10:41:26,413 - sentence_transformers.pruning.trainer - INFO - Step 1790, Loss: 0.0719
2025-07-09 10:41:27,238 - sentence_transformers.pruning.trainer - INFO - Step 1800, Loss: 0.0721
2025-07-09 10:41:27,238 - sentence_transformers.pruning.trainer - INFO - Running evaluation...
2025-07-09 10:41:27,741 - sentence_transformers.pruning.trainer - INFO - Eval loss: 0.1354
2025-07-09 10:41:27,742 - sentence_transformers.pruning.trainer - INFO - Saving checkpoint to ./output/reranking_pruning_minimal_20250709_103823/checkpoint-1800
2025-07-09 10:41:28,044 - sentence_transformers.pruning.trainer - INFO - Deleting checkpoint output/reranking_pruning_minimal_20250709_103823/checkpoint-1650
2025-07-09 10:41:28,906 - sentence_transformers.pruning.trainer - INFO - Step 1810, Loss: 0.0719
2025-07-09 10:41:29,729 - sentence_transformers.pruning.trainer - INFO - Step 1820, Loss: 0.0717
2025-07-09 10:41:30,552 - sentence_transformers.pruning.trainer - INFO - Step 1830, Loss: 0.0716
2025-07-09 10:41:31,372 - sentence_transformers.pruning.trainer - INFO - Step 1840, Loss: 0.0718
2025-07-09 10:41:32,200 - sentence_transformers.pruning.trainer - INFO - Step 1850, Loss: 0.0717
2025-07-09 10:41:32,201 - sentence_transformers.pruning.trainer - INFO - Running evaluation...
2025-07-09 10:41:32,711 - sentence_transformers.pruning.trainer - INFO - Eval loss: 0.1390
2025-07-09 10:41:32,711 - sentence_transformers.pruning.trainer - INFO - Saving checkpoint to ./output/reranking_pruning_minimal_20250709_103823/checkpoint-1850
2025-07-09 10:41:33,011 - sentence_transformers.pruning.trainer - INFO - Deleting checkpoint output/reranking_pruning_minimal_20250709_103823/checkpoint-1700
2025-07-09 10:41:33,423 - sentence_transformers.pruning.trainer - INFO - Running evaluation...
2025-07-09 10:41:33,927 - sentence_transformers.pruning.trainer - INFO - Eval loss: 0.1385
2025-07-09 10:41:33,927 - sentence_transformers.pruning.trainer - INFO - Saving checkpoint to ./output/reranking_pruning_minimal_20250709_103823/checkpoint-1854
2025-07-09 10:41:34,228 - sentence_transformers.pruning.trainer - INFO - Deleting checkpoint output/reranking_pruning_minimal_20250709_103823/checkpoint-1750
2025-07-09 10:41:34,983 - sentence_transformers.pruning.trainer - INFO - Step 1860, Loss: 0.0556
2025-07-09 10:41:35,807 - sentence_transformers.pruning.trainer - INFO - Step 1870, Loss: 0.0525
2025-07-09 10:41:36,629 - sentence_transformers.pruning.trainer - INFO - Step 1880, Loss: 0.0532
2025-07-09 10:41:37,461 - sentence_transformers.pruning.trainer - INFO - Step 1890, Loss: 0.0530
2025-07-09 10:41:38,283 - sentence_transformers.pruning.trainer - INFO - Step 1900, Loss: 0.0526
2025-07-09 10:41:38,283 - sentence_transformers.pruning.trainer - INFO - Running evaluation...
2025-07-09 10:41:38,806 - sentence_transformers.pruning.trainer - INFO - Eval loss: 0.1432
2025-07-09 10:41:38,806 - sentence_transformers.pruning.trainer - INFO - Saving checkpoint to ./output/reranking_pruning_minimal_20250709_103823/checkpoint-1900
2025-07-09 10:41:39,111 - sentence_transformers.pruning.trainer - INFO - Deleting checkpoint output/reranking_pruning_minimal_20250709_103823/checkpoint-1800
2025-07-09 10:41:39,965 - sentence_transformers.pruning.trainer - INFO - Step 1910, Loss: 0.0510
2025-07-09 10:41:40,791 - sentence_transformers.pruning.trainer - INFO - Step 1920, Loss: 0.0492
2025-07-09 10:41:41,616 - sentence_transformers.pruning.trainer - INFO - Step 1930, Loss: 0.0495
2025-07-09 10:41:42,441 - sentence_transformers.pruning.trainer - INFO - Step 1940, Loss: 0.0505
2025-07-09 10:41:43,266 - sentence_transformers.pruning.trainer - INFO - Step 1950, Loss: 0.0501
2025-07-09 10:41:43,266 - sentence_transformers.pruning.trainer - INFO - Running evaluation...
2025-07-09 10:41:43,775 - sentence_transformers.pruning.trainer - INFO - Eval loss: 0.1448
2025-07-09 10:41:43,776 - sentence_transformers.pruning.trainer - INFO - Saving checkpoint to ./output/reranking_pruning_minimal_20250709_103823/checkpoint-1950
2025-07-09 10:41:44,070 - sentence_transformers.pruning.trainer - INFO - Deleting checkpoint output/reranking_pruning_minimal_20250709_103823/checkpoint-1850
2025-07-09 10:41:45,014 - sentence_transformers.pruning.trainer - INFO - Step 1960, Loss: 0.0504
2025-07-09 10:41:45,838 - sentence_transformers.pruning.trainer - INFO - Step 1970, Loss: 0.0509
2025-07-09 10:41:46,662 - sentence_transformers.pruning.trainer - INFO - Step 1980, Loss: 0.0518
2025-07-09 10:41:47,485 - sentence_transformers.pruning.trainer - INFO - Step 1990, Loss: 0.0510
2025-07-09 10:41:48,307 - sentence_transformers.pruning.trainer - INFO - Step 2000, Loss: 0.0509
2025-07-09 10:41:48,307 - sentence_transformers.pruning.trainer - INFO - Running evaluation...
2025-07-09 10:41:48,812 - sentence_transformers.pruning.trainer - INFO - Eval loss: 0.1511
2025-07-09 10:41:48,813 - sentence_transformers.pruning.trainer - INFO - Saving checkpoint to ./output/reranking_pruning_minimal_20250709_103823/checkpoint-2000
2025-07-09 10:41:49,105 - sentence_transformers.pruning.trainer - INFO - Deleting checkpoint output/reranking_pruning_minimal_20250709_103823/checkpoint-1854
2025-07-09 10:41:49,966 - sentence_transformers.pruning.trainer - INFO - Step 2010, Loss: 0.0508
2025-07-09 10:41:50,792 - sentence_transformers.pruning.trainer - INFO - Step 2020, Loss: 0.0511
2025-07-09 10:41:51,617 - sentence_transformers.pruning.trainer - INFO - Step 2030, Loss: 0.0508
2025-07-09 10:41:52,442 - sentence_transformers.pruning.trainer - INFO - Step 2040, Loss: 0.0508
2025-07-09 10:41:53,266 - sentence_transformers.pruning.trainer - INFO - Step 2050, Loss: 0.0507
2025-07-09 10:41:53,266 - sentence_transformers.pruning.trainer - INFO - Running evaluation...
2025-07-09 10:41:53,770 - sentence_transformers.pruning.trainer - INFO - Eval loss: 0.1446
2025-07-09 10:41:53,770 - sentence_transformers.pruning.trainer - INFO - Saving checkpoint to ./output/reranking_pruning_minimal_20250709_103823/checkpoint-2050
2025-07-09 10:41:54,065 - sentence_transformers.pruning.trainer - INFO - Deleting checkpoint output/reranking_pruning_minimal_20250709_103823/checkpoint-1900
2025-07-09 10:41:54,927 - sentence_transformers.pruning.trainer - INFO - Step 2060, Loss: 0.0504
2025-07-09 10:41:55,753 - sentence_transformers.pruning.trainer - INFO - Step 2070, Loss: 0.0506
2025-07-09 10:41:56,578 - sentence_transformers.pruning.trainer - INFO - Step 2080, Loss: 0.0506
2025-07-09 10:41:57,403 - sentence_transformers.pruning.trainer - INFO - Step 2090, Loss: 0.0503
2025-07-09 10:41:58,230 - sentence_transformers.pruning.trainer - INFO - Step 2100, Loss: 0.0503
2025-07-09 10:41:58,231 - sentence_transformers.pruning.trainer - INFO - Running evaluation...
2025-07-09 10:41:58,739 - sentence_transformers.pruning.trainer - INFO - Eval loss: 0.1496
2025-07-09 10:41:58,740 - sentence_transformers.pruning.trainer - INFO - Saving checkpoint to ./output/reranking_pruning_minimal_20250709_103823/checkpoint-2100
2025-07-09 10:41:59,031 - sentence_transformers.pruning.trainer - INFO - Deleting checkpoint output/reranking_pruning_minimal_20250709_103823/checkpoint-1950
2025-07-09 10:41:59,891 - sentence_transformers.pruning.trainer - INFO - Step 2110, Loss: 0.0505
2025-07-09 10:42:00,715 - sentence_transformers.pruning.trainer - INFO - Step 2120, Loss: 0.0503
2025-07-09 10:42:01,541 - sentence_transformers.pruning.trainer - INFO - Step 2130, Loss: 0.0504
2025-07-09 10:42:02,370 - sentence_transformers.pruning.trainer - INFO - Step 2140, Loss: 0.0508
2025-07-09 10:42:03,201 - sentence_transformers.pruning.trainer - INFO - Step 2150, Loss: 0.0507
2025-07-09 10:42:03,201 - sentence_transformers.pruning.trainer - INFO - Running evaluation...
2025-07-09 10:42:03,706 - sentence_transformers.pruning.trainer - INFO - Eval loss: 0.1474
2025-07-09 10:42:03,706 - sentence_transformers.pruning.trainer - INFO - Saving checkpoint to ./output/reranking_pruning_minimal_20250709_103823/checkpoint-2150
2025-07-09 10:42:03,999 - sentence_transformers.pruning.trainer - INFO - Deleting checkpoint output/reranking_pruning_minimal_20250709_103823/checkpoint-2000
2025-07-09 10:42:04,860 - sentence_transformers.pruning.trainer - INFO - Step 2160, Loss: 0.0509
2025-07-09 10:42:05,680 - sentence_transformers.pruning.trainer - INFO - Step 2170, Loss: 0.0510
2025-07-09 10:42:06,500 - sentence_transformers.pruning.trainer - INFO - Step 2180, Loss: 0.0510
2025-07-09 10:42:07,323 - sentence_transformers.pruning.trainer - INFO - Step 2190, Loss: 0.0510
2025-07-09 10:42:08,147 - sentence_transformers.pruning.trainer - INFO - Step 2200, Loss: 0.0508
2025-07-09 10:42:08,147 - sentence_transformers.pruning.trainer - INFO - Running evaluation...
2025-07-09 10:42:08,659 - sentence_transformers.pruning.trainer - INFO - Eval loss: 0.1391
2025-07-09 10:42:08,660 - sentence_transformers.pruning.trainer - INFO - Saving checkpoint to ./output/reranking_pruning_minimal_20250709_103823/checkpoint-2200
2025-07-09 10:42:08,949 - sentence_transformers.pruning.trainer - INFO - Deleting checkpoint output/reranking_pruning_minimal_20250709_103823/checkpoint-2050
2025-07-09 10:42:09,810 - sentence_transformers.pruning.trainer - INFO - Step 2210, Loss: 0.0509
2025-07-09 10:42:10,653 - sentence_transformers.pruning.trainer - INFO - Step 2220, Loss: 0.0508
2025-07-09 10:42:11,477 - sentence_transformers.pruning.trainer - INFO - Step 2230, Loss: 0.0509
2025-07-09 10:42:12,300 - sentence_transformers.pruning.trainer - INFO - Step 2240, Loss: 0.0506
2025-07-09 10:42:13,124 - sentence_transformers.pruning.trainer - INFO - Step 2250, Loss: 0.0506
2025-07-09 10:42:13,124 - sentence_transformers.pruning.trainer - INFO - Running evaluation...
2025-07-09 10:42:13,630 - sentence_transformers.pruning.trainer - INFO - Eval loss: 0.1430
2025-07-09 10:42:13,631 - sentence_transformers.pruning.trainer - INFO - Saving checkpoint to ./output/reranking_pruning_minimal_20250709_103823/checkpoint-2250
2025-07-09 10:42:13,925 - sentence_transformers.pruning.trainer - INFO - Deleting checkpoint output/reranking_pruning_minimal_20250709_103823/checkpoint-2100
2025-07-09 10:42:14,782 - sentence_transformers.pruning.trainer - INFO - Step 2260, Loss: 0.0504
2025-07-09 10:42:15,608 - sentence_transformers.pruning.trainer - INFO - Step 2270, Loss: 0.0502
2025-07-09 10:42:16,436 - sentence_transformers.pruning.trainer - INFO - Step 2280, Loss: 0.0504
2025-07-09 10:42:17,265 - sentence_transformers.pruning.trainer - INFO - Step 2290, Loss: 0.0504
2025-07-09 10:42:18,091 - sentence_transformers.pruning.trainer - INFO - Step 2300, Loss: 0.0503
2025-07-09 10:42:18,091 - sentence_transformers.pruning.trainer - INFO - Running evaluation...
2025-07-09 10:42:18,599 - sentence_transformers.pruning.trainer - INFO - Eval loss: 0.1417
2025-07-09 10:42:18,600 - sentence_transformers.pruning.trainer - INFO - Saving checkpoint to ./output/reranking_pruning_minimal_20250709_103823/checkpoint-2300
2025-07-09 10:42:18,901 - sentence_transformers.pruning.trainer - INFO - Deleting checkpoint output/reranking_pruning_minimal_20250709_103823/checkpoint-2150
2025-07-09 10:42:19,756 - sentence_transformers.pruning.trainer - INFO - Step 2310, Loss: 0.0501
2025-07-09 10:42:20,582 - sentence_transformers.pruning.trainer - INFO - Step 2320, Loss: 0.0500
2025-07-09 10:42:21,410 - sentence_transformers.pruning.trainer - INFO - Step 2330, Loss: 0.0501
2025-07-09 10:42:22,235 - sentence_transformers.pruning.trainer - INFO - Step 2340, Loss: 0.0501
2025-07-09 10:42:23,061 - sentence_transformers.pruning.trainer - INFO - Step 2350, Loss: 0.0502
2025-07-09 10:42:23,062 - sentence_transformers.pruning.trainer - INFO - Running evaluation...
2025-07-09 10:42:23,568 - sentence_transformers.pruning.trainer - INFO - Eval loss: 0.1446
2025-07-09 10:42:23,569 - sentence_transformers.pruning.trainer - INFO - Saving checkpoint to ./output/reranking_pruning_minimal_20250709_103823/checkpoint-2350
2025-07-09 10:42:23,865 - sentence_transformers.pruning.trainer - INFO - Deleting checkpoint output/reranking_pruning_minimal_20250709_103823/checkpoint-2200
2025-07-09 10:42:24,718 - sentence_transformers.pruning.trainer - INFO - Step 2360, Loss: 0.0503
2025-07-09 10:42:25,542 - sentence_transformers.pruning.trainer - INFO - Step 2370, Loss: 0.0501
2025-07-09 10:42:26,368 - sentence_transformers.pruning.trainer - INFO - Step 2380, Loss: 0.0504
2025-07-09 10:42:27,200 - sentence_transformers.pruning.trainer - INFO - Step 2390, Loss: 0.0502
2025-07-09 10:42:28,026 - sentence_transformers.pruning.trainer - INFO - Step 2400, Loss: 0.0503
2025-07-09 10:42:28,026 - sentence_transformers.pruning.trainer - INFO - Running evaluation...
2025-07-09 10:42:28,536 - sentence_transformers.pruning.trainer - INFO - Eval loss: 0.1454
2025-07-09 10:42:28,537 - sentence_transformers.pruning.trainer - INFO - Saving checkpoint to ./output/reranking_pruning_minimal_20250709_103823/checkpoint-2400
2025-07-09 10:42:28,836 - sentence_transformers.pruning.trainer - INFO - Deleting checkpoint output/reranking_pruning_minimal_20250709_103823/checkpoint-2250
2025-07-09 10:42:29,695 - sentence_transformers.pruning.trainer - INFO - Step 2410, Loss: 0.0503
2025-07-09 10:42:30,516 - sentence_transformers.pruning.trainer - INFO - Step 2420, Loss: 0.0504
2025-07-09 10:42:31,337 - sentence_transformers.pruning.trainer - INFO - Step 2430, Loss: 0.0503
2025-07-09 10:42:32,155 - sentence_transformers.pruning.trainer - INFO - Step 2440, Loss: 0.0502
2025-07-09 10:42:32,980 - sentence_transformers.pruning.trainer - INFO - Step 2450, Loss: 0.0501
2025-07-09 10:42:32,980 - sentence_transformers.pruning.trainer - INFO - Running evaluation...
2025-07-09 10:42:33,492 - sentence_transformers.pruning.trainer - INFO - Eval loss: 0.1432
2025-07-09 10:42:33,493 - sentence_transformers.pruning.trainer - INFO - Saving checkpoint to ./output/reranking_pruning_minimal_20250709_103823/checkpoint-2450
2025-07-09 10:42:33,790 - sentence_transformers.pruning.trainer - INFO - Deleting checkpoint output/reranking_pruning_minimal_20250709_103823/checkpoint-2300
2025-07-09 10:42:34,652 - sentence_transformers.pruning.trainer - INFO - Step 2460, Loss: 0.0501
2025-07-09 10:42:35,478 - sentence_transformers.pruning.trainer - INFO - Step 2470, Loss: 0.0501
2025-07-09 10:42:35,686 - sentence_transformers.pruning.trainer - INFO - Running evaluation...
2025-07-09 10:42:36,183 - sentence_transformers.pruning.trainer - INFO - Eval loss: 0.1420
2025-07-09 10:42:36,184 - sentence_transformers.pruning.trainer - INFO - Saving checkpoint to ./output/reranking_pruning_minimal_20250709_103823/checkpoint-2472
2025-07-09 10:42:36,485 - sentence_transformers.pruning.trainer - INFO - Deleting checkpoint output/reranking_pruning_minimal_20250709_103823/checkpoint-2350
2025-07-09 10:42:37,430 - sentence_transformers.pruning.trainer - INFO - Step 2480, Loss: 0.0376
2025-07-09 10:42:38,259 - sentence_transformers.pruning.trainer - INFO - Step 2490, Loss: 0.0343
2025-07-09 10:42:39,086 - sentence_transformers.pruning.trainer - INFO - Step 2500, Loss: 0.0323
2025-07-09 10:42:39,086 - sentence_transformers.pruning.trainer - INFO - Running evaluation...
2025-07-09 10:42:39,593 - sentence_transformers.pruning.trainer - INFO - Eval loss: 0.1502
2025-07-09 10:42:39,593 - sentence_transformers.pruning.trainer - INFO - Saving checkpoint to ./output/reranking_pruning_minimal_20250709_103823/checkpoint-2500
2025-07-09 10:42:39,894 - sentence_transformers.pruning.trainer - INFO - Deleting checkpoint output/reranking_pruning_minimal_20250709_103823/checkpoint-2400
2025-07-09 10:42:40,754 - sentence_transformers.pruning.trainer - INFO - Step 2510, Loss: 0.0334
2025-07-09 10:42:41,581 - sentence_transformers.pruning.trainer - INFO - Step 2520, Loss: 0.0364
2025-07-09 10:42:42,407 - sentence_transformers.pruning.trainer - INFO - Step 2530, Loss: 0.0366
2025-07-09 10:42:43,234 - sentence_transformers.pruning.trainer - INFO - Step 2540, Loss: 0.0372
2025-07-09 10:42:44,062 - sentence_transformers.pruning.trainer - INFO - Step 2550, Loss: 0.0384
2025-07-09 10:42:44,062 - sentence_transformers.pruning.trainer - INFO - Running evaluation...
2025-07-09 10:42:44,569 - sentence_transformers.pruning.trainer - INFO - Eval loss: 0.1567
2025-07-09 10:42:44,570 - sentence_transformers.pruning.trainer - INFO - Saving checkpoint to ./output/reranking_pruning_minimal_20250709_103823/checkpoint-2550
2025-07-09 10:42:44,874 - sentence_transformers.pruning.trainer - INFO - Deleting checkpoint output/reranking_pruning_minimal_20250709_103823/checkpoint-2450
2025-07-09 10:42:45,737 - sentence_transformers.pruning.trainer - INFO - Step 2560, Loss: 0.0378
2025-07-09 10:42:46,563 - sentence_transformers.pruning.trainer - INFO - Step 2570, Loss: 0.0383
2025-07-09 10:42:47,482 - sentence_transformers.pruning.trainer - INFO - Step 2580, Loss: 0.0385
2025-07-09 10:42:48,311 - sentence_transformers.pruning.trainer - INFO - Step 2590, Loss: 0.0382
2025-07-09 10:42:49,135 - sentence_transformers.pruning.trainer - INFO - Step 2600, Loss: 0.0379
2025-07-09 10:42:49,135 - sentence_transformers.pruning.trainer - INFO - Running evaluation...
2025-07-09 10:42:49,618 - sentence_transformers.pruning.trainer - INFO - Eval loss: 0.1569
2025-07-09 10:42:49,618 - sentence_transformers.pruning.trainer - INFO - Saving checkpoint to ./output/reranking_pruning_minimal_20250709_103823/checkpoint-2600
2025-07-09 10:42:49,915 - sentence_transformers.pruning.trainer - INFO - Deleting checkpoint output/reranking_pruning_minimal_20250709_103823/checkpoint-2472
2025-07-09 10:42:50,769 - sentence_transformers.pruning.trainer - INFO - Step 2610, Loss: 0.0374
2025-07-09 10:42:51,594 - sentence_transformers.pruning.trainer - INFO - Step 2620, Loss: 0.0373
2025-07-09 10:42:52,425 - sentence_transformers.pruning.trainer - INFO - Step 2630, Loss: 0.0368
2025-07-09 10:42:53,248 - sentence_transformers.pruning.trainer - INFO - Step 2640, Loss: 0.0372
2025-07-09 10:42:54,073 - sentence_transformers.pruning.trainer - INFO - Step 2650, Loss: 0.0368
2025-07-09 10:42:54,073 - sentence_transformers.pruning.trainer - INFO - Running evaluation...
2025-07-09 10:42:54,576 - sentence_transformers.pruning.trainer - INFO - Eval loss: 0.1575
2025-07-09 10:42:54,577 - sentence_transformers.pruning.trainer - INFO - Saving checkpoint to ./output/reranking_pruning_minimal_20250709_103823/checkpoint-2650
2025-07-09 10:42:54,870 - sentence_transformers.pruning.trainer - INFO - Deleting checkpoint output/reranking_pruning_minimal_20250709_103823/checkpoint-2500
2025-07-09 10:42:55,724 - sentence_transformers.pruning.trainer - INFO - Step 2660, Loss: 0.0366
2025-07-09 10:42:56,550 - sentence_transformers.pruning.trainer - INFO - Step 2670, Loss: 0.0368
2025-07-09 10:42:57,377 - sentence_transformers.pruning.trainer - INFO - Step 2680, Loss: 0.0366
2025-07-09 10:42:58,204 - sentence_transformers.pruning.trainer - INFO - Step 2690, Loss: 0.0366
2025-07-09 10:42:59,029 - sentence_transformers.pruning.trainer - INFO - Step 2700, Loss: 0.0364
2025-07-09 10:42:59,029 - sentence_transformers.pruning.trainer - INFO - Running evaluation...
2025-07-09 10:42:59,536 - sentence_transformers.pruning.trainer - INFO - Eval loss: 0.1528
2025-07-09 10:42:59,536 - sentence_transformers.pruning.trainer - INFO - Saving checkpoint to ./output/reranking_pruning_minimal_20250709_103823/checkpoint-2700
2025-07-09 10:42:59,835 - sentence_transformers.pruning.trainer - INFO - Deleting checkpoint output/reranking_pruning_minimal_20250709_103823/checkpoint-2550
2025-07-09 10:43:00,692 - sentence_transformers.pruning.trainer - INFO - Step 2710, Loss: 0.0365
2025-07-09 10:43:01,517 - sentence_transformers.pruning.trainer - INFO - Step 2720, Loss: 0.0365
2025-07-09 10:43:02,342 - sentence_transformers.pruning.trainer - INFO - Step 2730, Loss: 0.0364
2025-07-09 10:43:03,167 - sentence_transformers.pruning.trainer - INFO - Step 2740, Loss: 0.0364
2025-07-09 10:43:03,992 - sentence_transformers.pruning.trainer - INFO - Step 2750, Loss: 0.0365
2025-07-09 10:43:03,992 - sentence_transformers.pruning.trainer - INFO - Running evaluation...
2025-07-09 10:43:04,495 - sentence_transformers.pruning.trainer - INFO - Eval loss: 0.1542
2025-07-09 10:43:04,496 - sentence_transformers.pruning.trainer - INFO - Saving checkpoint to ./output/reranking_pruning_minimal_20250709_103823/checkpoint-2750
2025-07-09 10:43:04,796 - sentence_transformers.pruning.trainer - INFO - Deleting checkpoint output/reranking_pruning_minimal_20250709_103823/checkpoint-2600
2025-07-09 10:43:05,658 - sentence_transformers.pruning.trainer - INFO - Step 2760, Loss: 0.0364
2025-07-09 10:43:06,483 - sentence_transformers.pruning.trainer - INFO - Step 2770, Loss: 0.0365
2025-07-09 10:43:07,308 - sentence_transformers.pruning.trainer - INFO - Step 2780, Loss: 0.0367
2025-07-09 10:43:08,132 - sentence_transformers.pruning.trainer - INFO - Step 2790, Loss: 0.0365
2025-07-09 10:43:08,955 - sentence_transformers.pruning.trainer - INFO - Step 2800, Loss: 0.0364
2025-07-09 10:43:08,955 - sentence_transformers.pruning.trainer - INFO - Running evaluation...
2025-07-09 10:43:09,466 - sentence_transformers.pruning.trainer - INFO - Eval loss: 0.1593
2025-07-09 10:43:09,467 - sentence_transformers.pruning.trainer - INFO - Saving checkpoint to ./output/reranking_pruning_minimal_20250709_103823/checkpoint-2800
2025-07-09 10:43:09,768 - sentence_transformers.pruning.trainer - INFO - Deleting checkpoint output/reranking_pruning_minimal_20250709_103823/checkpoint-2650
2025-07-09 10:43:10,628 - sentence_transformers.pruning.trainer - INFO - Step 2810, Loss: 0.0364
2025-07-09 10:43:11,454 - sentence_transformers.pruning.trainer - INFO - Step 2820, Loss: 0.0364
2025-07-09 10:43:12,278 - sentence_transformers.pruning.trainer - INFO - Step 2830, Loss: 0.0363
2025-07-09 10:43:13,102 - sentence_transformers.pruning.trainer - INFO - Step 2840, Loss: 0.0364
2025-07-09 10:43:13,925 - sentence_transformers.pruning.trainer - INFO - Step 2850, Loss: 0.0366
2025-07-09 10:43:13,925 - sentence_transformers.pruning.trainer - INFO - Running evaluation...
2025-07-09 10:43:14,430 - sentence_transformers.pruning.trainer - INFO - Eval loss: 0.1537
2025-07-09 10:43:14,430 - sentence_transformers.pruning.trainer - INFO - Saving checkpoint to ./output/reranking_pruning_minimal_20250709_103823/checkpoint-2850
2025-07-09 10:43:14,725 - sentence_transformers.pruning.trainer - INFO - Deleting checkpoint output/reranking_pruning_minimal_20250709_103823/checkpoint-2700
2025-07-09 10:43:15,584 - sentence_transformers.pruning.trainer - INFO - Step 2860, Loss: 0.0364
2025-07-09 10:43:16,408 - sentence_transformers.pruning.trainer - INFO - Step 2870, Loss: 0.0365
2025-07-09 10:43:17,229 - sentence_transformers.pruning.trainer - INFO - Step 2880, Loss: 0.0363
2025-07-09 10:43:18,052 - sentence_transformers.pruning.trainer - INFO - Step 2890, Loss: 0.0364
2025-07-09 10:43:18,873 - sentence_transformers.pruning.trainer - INFO - Step 2900, Loss: 0.0363
2025-07-09 10:43:18,873 - sentence_transformers.pruning.trainer - INFO - Running evaluation...
2025-07-09 10:43:19,392 - sentence_transformers.pruning.trainer - INFO - Eval loss: 0.1555
2025-07-09 10:43:19,393 - sentence_transformers.pruning.trainer - INFO - Saving checkpoint to ./output/reranking_pruning_minimal_20250709_103823/checkpoint-2900
2025-07-09 10:43:19,690 - sentence_transformers.pruning.trainer - INFO - Deleting checkpoint output/reranking_pruning_minimal_20250709_103823/checkpoint-2750
2025-07-09 10:43:20,552 - sentence_transformers.pruning.trainer - INFO - Step 2910, Loss: 0.0363
2025-07-09 10:43:21,384 - sentence_transformers.pruning.trainer - INFO - Step 2920, Loss: 0.0364
2025-07-09 10:43:22,200 - sentence_transformers.pruning.trainer - INFO - Step 2930, Loss: 0.0364
2025-07-09 10:43:23,022 - sentence_transformers.pruning.trainer - INFO - Step 2940, Loss: 0.0365
2025-07-09 10:43:23,844 - sentence_transformers.pruning.trainer - INFO - Step 2950, Loss: 0.0365
2025-07-09 10:43:23,844 - sentence_transformers.pruning.trainer - INFO - Running evaluation...
2025-07-09 10:43:24,352 - sentence_transformers.pruning.trainer - INFO - Eval loss: 0.1548
2025-07-09 10:43:24,353 - sentence_transformers.pruning.trainer - INFO - Saving checkpoint to ./output/reranking_pruning_minimal_20250709_103823/checkpoint-2950
2025-07-09 10:43:24,656 - sentence_transformers.pruning.trainer - INFO - Deleting checkpoint output/reranking_pruning_minimal_20250709_103823/checkpoint-2800
2025-07-09 10:43:25,512 - sentence_transformers.pruning.trainer - INFO - Step 2960, Loss: 0.0365
2025-07-09 10:43:26,341 - sentence_transformers.pruning.trainer - INFO - Step 2970, Loss: 0.0367
2025-07-09 10:43:27,167 - sentence_transformers.pruning.trainer - INFO - Step 2980, Loss: 0.0367
2025-07-09 10:43:27,992 - sentence_transformers.pruning.trainer - INFO - Step 2990, Loss: 0.0368
2025-07-09 10:43:28,817 - sentence_transformers.pruning.trainer - INFO - Step 3000, Loss: 0.0367
2025-07-09 10:43:28,817 - sentence_transformers.pruning.trainer - INFO - Running evaluation...
2025-07-09 10:43:29,325 - sentence_transformers.pruning.trainer - INFO - Eval loss: 0.1551
2025-07-09 10:43:29,325 - sentence_transformers.pruning.trainer - INFO - Saving checkpoint to ./output/reranking_pruning_minimal_20250709_103823/checkpoint-3000
2025-07-09 10:43:29,624 - sentence_transformers.pruning.trainer - INFO - Deleting checkpoint output/reranking_pruning_minimal_20250709_103823/checkpoint-2850
2025-07-09 10:43:30,478 - sentence_transformers.pruning.trainer - INFO - Step 3010, Loss: 0.0368
2025-07-09 10:43:31,303 - sentence_transformers.pruning.trainer - INFO - Step 3020, Loss: 0.0368
2025-07-09 10:43:32,127 - sentence_transformers.pruning.trainer - INFO - Step 3030, Loss: 0.0368
2025-07-09 10:43:32,954 - sentence_transformers.pruning.trainer - INFO - Step 3040, Loss: 0.0367
2025-07-09 10:43:33,783 - sentence_transformers.pruning.trainer - INFO - Step 3050, Loss: 0.0367
2025-07-09 10:43:33,783 - sentence_transformers.pruning.trainer - INFO - Running evaluation...
2025-07-09 10:43:34,293 - sentence_transformers.pruning.trainer - INFO - Eval loss: 0.1550
2025-07-09 10:43:34,293 - sentence_transformers.pruning.trainer - INFO - Saving checkpoint to ./output/reranking_pruning_minimal_20250709_103823/checkpoint-3050
2025-07-09 10:43:34,593 - sentence_transformers.pruning.trainer - INFO - Deleting checkpoint output/reranking_pruning_minimal_20250709_103823/checkpoint-2900
2025-07-09 10:43:35,446 - sentence_transformers.pruning.trainer - INFO - Step 3060, Loss: 0.0366
2025-07-09 10:43:36,271 - sentence_transformers.pruning.trainer - INFO - Step 3070, Loss: 0.0366
2025-07-09 10:43:37,095 - sentence_transformers.pruning.trainer - INFO - Step 3080, Loss: 0.0365
2025-07-09 10:43:37,881 - sentence_transformers.pruning.trainer - INFO - Step 3090, Loss: 0.0364
2025-07-09 10:43:37,958 - sentence_transformers.pruning.trainer - INFO - Running evaluation...
2025-07-09 10:43:38,459 - sentence_transformers.pruning.trainer - INFO - Eval loss: 0.1552
2025-07-09 10:43:38,459 - sentence_transformers.pruning.trainer - INFO - Saving checkpoint to ./output/reranking_pruning_minimal_20250709_103823/checkpoint-3090
2025-07-09 10:43:38,762 - sentence_transformers.pruning.trainer - INFO - Deleting checkpoint output/reranking_pruning_minimal_20250709_103823/checkpoint-2950
2025-07-09 10:43:38,802 - sentence_transformers.pruning.trainer - INFO - Training completed!
2025-07-09 10:43:38,802 - sentence_transformers.pruning.trainer - INFO - Loading best model from ./output/reranking_pruning_minimal_20250709_103823/checkpoint-1100-best
2025-07-09 10:43:39,554 - __main__ - INFO - Saving final model to ./output/reranking_pruning_minimal_20250709_103823/final_model
2025-07-09 10:43:39,830 - __main__ - INFO - Training completed!
